#
# A fatal error has been detected by the Java Runtime Environment:
#
#  SIGSEGV (0xb) at pc=0x00007fcaa47b9650, pid=49450, tid=49518
#
# JRE version: OpenJDK Runtime Environment (11.0.11+9) (build 11.0.11+9-Ubuntu-0ubuntu2.20.04)
# Java VM: OpenJDK 64-Bit Server VM (11.0.11+9-Ubuntu-0ubuntu2.20.04, mixed mode, sharing, tiered, compressed oops, parallel gc, linux-amd64)
# Problematic frame:
# C  [libc.so.6+0x16b650]
#
# Core dump will be written. Default location: Core dumps may be processed with "/usr/share/apport/apport %p %s %c %d %P %E" (or dumping to /media/abid/Work/coding/JAVA/Homeworks/Dec13/Database/core.49450)
#
# If you would like to submit a bug report, please visit:
#   https://bugs.launchpad.net/ubuntu/+source/openjdk-lts
#

---------------  S U M M A R Y ------------

Command Line: --add-modules=ALL-SYSTEM --add-opens=java.base/java.util=ALL-UNNAMED --add-opens=java.base/java.lang=ALL-UNNAMED -Declipse.application=org.eclipse.jdt.ls.core.id1 -Dosgi.bundles.defaultStartLevel=4 -Declipse.product=org.eclipse.jdt.ls.core.product -Djava.import.generatesMetadataFilesAtProjectRoot=false -Dfile.encoding=utf8 -XX:+UseParallelGC -XX:GCTimeRatio=4 -XX:AdaptiveSizePolicyWeight=90 -Dsun.zip.disableMemoryMapping=true -Xmx1G -Xms100m -XX:+HeapDumpOnOutOfMemoryError -XX:HeapDumpPath=/home/abid/.config/Code/User/workspaceStorage/dc484a0abfeb238e5c238edfc8785ce5/redhat.java -Xverify:none /home/abid/.vscode/extensions/redhat.java-1.1.0/server/plugins/org.eclipse.equinox.launcher_1.6.400.v20210924-0641.jar -configuration /home/abid/.config/Code/User/globalStorage/redhat.java/1.1.0/config_linux -data /home/abid/.config/Code/User/workspaceStorage/dc484a0abfeb238e5c238edfc8785ce5/redhat.java/jdt_ws

Host: Intel(R) Pentium(R) CPU G4560 @ 3.50GHz, 4 cores, 7G, Ubuntu 20.04.3 LTS
Time: Wed Dec 15 01:18:29 2021 +06 elapsed time: 1123.328900 seconds (0d 0h 18m 43s)

---------------  T H R E A D  ---------------

Current thread (0x00007fca78004000):  GCTaskThread "ParGC Thread#3" [stack: 0x00007fca7e11f000,0x00007fca7e21f000] [id=49518]

Stack: [0x00007fca7e11f000,0x00007fca7e21f000],  sp=0x00007fca7e21db68,  free space=1018k
Native frames: (J=compiled Java code, A=aot compiled Java code, j=interpreted, Vv=VM code, C=native code)
C  [libc.so.6+0x16b650]
V  [libjvm.so+0xc5c1a8]
V  [libjvm.so+0xc40e7a]
V  [libjvm.so+0xc61e3f]
V  [libjvm.so+0x7a884d]
V  [libjvm.so+0xe1d690]
V  [libjvm.so+0xbdac76]


siginfo: si_signo: 11 (SIGSEGV), si_code: 2 (SEGV_ACCERR), si_addr: 0x00000000eb200000

Register to memory mapping:

RAX=0x00000000c7de15e8 points into unknown readable memory: 0x0000000000000009 | 09 00 00 00 00 00 00 00
RBX=0x000000000007720d is an unknown value
RCX=0x0000000000060000 is an unknown value
RDX=0x0000000000314c50 is an unknown value
RSP=0x00007fca7e21db68 points into unknown readable memory: 0x00007fcaa3fbbb03 | 03 bb fb a3 ca 7f 00 00
RBP=0x00007fca7e21dbd0 points into unknown readable memory: 0x00007fca7e21dc30 | 30 dc 21 7e ca 7f 00 00
RSI=0x00000000eb1ffff0 points into unknown readable memory: 0x0000000000000001 | 01 00 00 00 00 00 00 00
RDI=0x00000000c7e85980 points into unknown readable memory: 0x0000007200650070 | 70 00 65 00 72 00 00 00
R8 =0x00000000c7de15e8 points into unknown readable memory: 0x0000000000000009 | 09 00 00 00 00 00 00 00
R9 =0x00000000eb15bc60 points into unknown readable memory: 0x0000000100076f6a | 6a 6f 07 00 01 00 00 00
R10=0x000000000007720d is an unknown value
R11=0x00007fcaa480e780: <offset 0x00000000001c0780> in /lib/x86_64-linux-gnu/libc.so.6 at 0x00007fcaa464e000
R12=0x00000000c7de15e8 points into unknown readable memory: 0x0000000000000009 | 09 00 00 00 00 00 00 00
R13=0x00000000eb15bc58 points into unknown readable memory: 0x0000000000000009 | 09 00 00 00 00 00 00 00
R14=0x00007fca9c155000 points into unknown readable memory: 0x00007fcaa456fde0 | e0 fd 56 a4 ca 7f 00 00
R15=0x0000000000000009 is an unknown value


Registers:
RAX=0x00000000c7de15e8, RBX=0x000000000007720d, RCX=0x0000000000060000, RDX=0x0000000000314c50
RSP=0x00007fca7e21db68, RBP=0x00007fca7e21dbd0, RSI=0x00000000eb1ffff0, RDI=0x00000000c7e85980
R8 =0x00000000c7de15e8, R9 =0x00000000eb15bc60, R10=0x000000000007720d, R11=0x00007fcaa480e780
R12=0x00000000c7de15e8, R13=0x00000000eb15bc58, R14=0x00007fca9c155000, R15=0x0000000000000009
RIP=0x00007fcaa47b9650, EFLAGS=0x0000000000010206, CSGSFS=0x002b000000000033, ERR=0x0000000000000004
  TRAPNO=0x000000000000000e

Top of Stack: (sp=0x00007fca7e21db68)
0x00007fca7e21db68:   00007fcaa3fbbb03 0000000000000018
0x00007fca7e21db78:   0000000000000003 00000000003b9068
0x00007fca7e21db88:   00007fcaa45debc0 0000000000077201
0x00007fca7e21db98:   000000000007720d 00007fcaa4619050 

Instructions: (pc=0x00007fcaa47b9650)
0x00007fcaa47b9550:   48 8b 4e f1 48 8b 56 f8 4c 89 47 d1 4c 89 4f d9
0x00007fcaa47b9560:   4c 89 57 e1 4c 89 5f e9 48 89 4f f1 48 89 57 f8
0x00007fcaa47b9570:   c3 66 66 2e 0f 1f 84 00 00 00 00 00 0f 1f 40 00
0x00007fcaa47b9580:   4c 8b 4e d9 4c 8b 56 e1 4c 8b 5e e9 48 8b 4e f1
0x00007fcaa47b9590:   48 8b 56 f8 4c 89 4f d9 4c 89 57 e1 4c 89 5f e9
0x00007fcaa47b95a0:   48 89 4f f1 48 89 57 f8 c3 0f 1f 80 00 00 00 00
0x00007fcaa47b95b0:   4c 8b 56 e1 4c 8b 5e e9 48 8b 4e f1 48 8b 56 f8
0x00007fcaa47b95c0:   4c 89 57 e1 4c 89 5f e9 48 89 4f f1 48 89 57 f8
0x00007fcaa47b95d0:   c3 66 66 2e 0f 1f 84 00 00 00 00 00 0f 1f 40 00
0x00007fcaa47b95e0:   4c 8b 5e e9 48 8b 4e f1 48 8b 56 f8 4c 89 5f e9
0x00007fcaa47b95f0:   48 89 4f f1 48 89 57 f8 c3 0f 1f 80 00 00 00 00
0x00007fcaa47b9600:   48 8b 4e f1 48 8b 56 f8 48 89 4f f1 48 89 57 f8
0x00007fcaa47b9610:   c3 66 66 2e 0f 1f 84 00 00 00 00 00 0f 1f 40 00
0x00007fcaa47b9620:   8b 56 f9 8b 4e fc 89 57 f9 89 4f fc c3 0f 1f 00
0x00007fcaa47b9630:   f3 0f 6f 0e 48 8d 76 10 f3 41 0f 7f 00 66 0f e7
0x00007fcaa47b9640:   0f 48 8d 7f 10 48 8d 92 70 ff ff ff f3 0f 6f 06
0x00007fcaa47b9650:   f3 0f 6f 4e 10 f3 0f 6f 56 20 f3 0f 6f 5e 30 f3
0x00007fcaa47b9660:   0f 6f 66 40 f3 0f 6f 6e 50 f3 0f 6f 76 60 f3 0f
0x00007fcaa47b9670:   6f 7e 70 48 8d b6 80 00 00 00 48 81 ea 80 00 00
0x00007fcaa47b9680:   00 66 0f e7 07 66 0f e7 4f 10 66 0f e7 57 20 66
0x00007fcaa47b9690:   0f e7 5f 30 66 0f e7 67 40 66 0f e7 6f 50 66 0f
0x00007fcaa47b96a0:   e7 77 60 66 0f e7 7f 70 48 8d bf 80 00 00 00 73
0x00007fcaa47b96b0:   9b 48 83 fa c0 48 8d 92 80 00 00 00 7c 32 f3 0f
0x00007fcaa47b96c0:   6f 06 f3 0f 6f 4e 10 f3 0f 6f 56 20 f3 0f 6f 5e
0x00007fcaa47b96d0:   30 48 8d 76 40 66 0f e7 07 66 0f e7 4f 10 66 0f
0x00007fcaa47b96e0:   e7 57 20 66 0f e7 5f 30 48 8d 7f 40 48 83 ea 40
0x00007fcaa47b96f0:   48 01 d6 48 01 d7 0f ae f8 4c 8d 1d 80 50 05 00
0x00007fcaa47b9700:   49 63 14 93 49 8d 14 13 3e ff e2 0f 0b 0f 1f 00
0x00007fcaa47b9710:   f3 0f 6f 4e f0 48 8d 76 f0 f3 41 0f 7f 00 66 0f
0x00007fcaa47b9720:   7f 4f f0 48 8d 7f f0 48 8d 92 70 ff ff ff f3 0f
0x00007fcaa47b9730:   6f 46 f0 f3 0f 6f 4e e0 f3 0f 6f 56 d0 f3 0f 6f
0x00007fcaa47b9740:   5e c0 f3 0f 6f 66 b0 f3 0f 6f 6e a0 f3 0f 6f 76 


Stack slot to memory mapping:
stack at sp + 0 slots: 0x00007fcaa3fbbb03: <offset 0x0000000000c5db03> in /usr/lib/jvm/java-11-openjdk-amd64/lib/server/libjvm.so at 0x00007fcaa335e000
stack at sp + 1 slots: 0x0000000000000018 is an unknown value
stack at sp + 2 slots: 0x0000000000000003 is an unknown value
stack at sp + 3 slots: 0x00000000003b9068 is an unknown value
stack at sp + 4 slots: 0x00007fcaa45debc0: <offset 0x0000000001280bc0> in /usr/lib/jvm/java-11-openjdk-amd64/lib/server/libjvm.so at 0x00007fcaa335e000
stack at sp + 5 slots: 0x0000000000077201 is an unknown value
stack at sp + 6 slots: 0x000000000007720d is an unknown value
stack at sp + 7 slots: 0x00007fcaa4619050: <offset 0x0000000000010050> in /lib/x86_64-linux-gnu/libpthread.so.0 at 0x00007fcaa4609000


---------------  P R O C E S S  ---------------

Threads class SMR info:
_java_thread_list=0x00007fca1804df10, length=28, elements={
0x00007fca9c016000, 0x00007fca9c15c800, 0x00007fca9c15e800, 0x00007fca9c16a000,
0x00007fca9c16c000, 0x00007fca9c16e800, 0x00007fca9c170800, 0x00007fca9c172800,
0x00007fca9c194000, 0x00007fca9c405800, 0x00007fca9c447000, 0x00007fca9c449800,
0x00007fca3c02d800, 0x00007fca3c1e9000, 0x00007fca3c414000, 0x00007fca9c4a1800,
0x00007fca9c526800, 0x00007fca18016000, 0x00007fca14001000, 0x00007fca100a1000,
0x00007fc9f806a000, 0x00007fca14037800, 0x00007fca001a1000, 0x00007fc9f822e000,
0x00007fc9f8241800, 0x00007fca100b7800, 0x00007fca001a2800, 0x00007fca000e0800
}

Java Threads: ( => current thread )
  0x00007fca9c016000 JavaThread "main" [_thread_blocked, id=49451, stack(0x00007fcaa2f11000,0x00007fcaa3012000)]
  0x00007fca9c15c800 JavaThread "Reference Handler" daemon [_thread_blocked, id=49456, stack(0x00007fca7f3f3000,0x00007fca7f4f4000)]
  0x00007fca9c15e800 JavaThread "Finalizer" daemon [_thread_blocked, id=49457, stack(0x00007fca7f2f2000,0x00007fca7f3f3000)]
  0x00007fca9c16a000 JavaThread "Signal Dispatcher" daemon [_thread_blocked, id=49458, stack(0x00007fca7ec2c000,0x00007fca7ed2d000)]
  0x00007fca9c16c000 JavaThread "Service Thread" daemon [_thread_blocked, id=49460, stack(0x00007fca7eb2b000,0x00007fca7ec2c000)]
  0x00007fca9c16e800 JavaThread "C2 CompilerThread0" daemon [_thread_blocked, id=49461, stack(0x00007fca7ea2a000,0x00007fca7eb2b000)]
  0x00007fca9c170800 JavaThread "C1 CompilerThread0" daemon [_thread_blocked, id=49463, stack(0x00007fca7e929000,0x00007fca7ea2a000)]
  0x00007fca9c172800 JavaThread "Sweeper thread" daemon [_thread_blocked, id=49464, stack(0x00007fca7e828000,0x00007fca7e929000)]
  0x00007fca9c194000 JavaThread "Common-Cleaner" daemon [_thread_blocked, id=49467, stack(0x00007fca7e727000,0x00007fca7e828000)]
  0x00007fca9c405800 JavaThread "Active Thread: Equinox Container: 568843a7-c201-474b-bfc0-4b0b45765364" [_thread_blocked, id=49508, stack(0x00007fca7e524000,0x00007fca7e625000)]
  0x00007fca9c447000 JavaThread "Framework Event Dispatcher: Equinox Container: 568843a7-c201-474b-bfc0-4b0b45765364" daemon [_thread_blocked, id=49513, stack(0x00007fca7e423000,0x00007fca7e524000)]
  0x00007fca9c449800 JavaThread "Start Level: Equinox Container: 568843a7-c201-474b-bfc0-4b0b45765364" daemon [_thread_blocked, id=49520, stack(0x00007fca7e01c000,0x00007fca7e11d000)]
  0x00007fca3c02d800 JavaThread "SCR Component Actor" daemon [_thread_blocked, id=49522, stack(0x00007fca7dd0a000,0x00007fca7de0b000)]
  0x00007fca3c1e9000 JavaThread "Worker-JM" [_thread_blocked, id=49538, stack(0x00007fca7d708000,0x00007fca7d809000)]
  0x00007fca3c414000 JavaThread "Java indexing" daemon [_thread_blocked, id=49543, stack(0x00007fca7d005000,0x00007fca7d106000)]
  0x00007fca9c4a1800 JavaThread "pool-3-thread-1" [_thread_blocked, id=49545, stack(0x00007fca7c803000,0x00007fca7c904000)]
  0x00007fca9c526800 JavaThread "pool-2-thread-1" [_thread_blocked, id=49548, stack(0x00007fca7c702000,0x00007fca7c803000)]
  0x00007fca18016000 JavaThread "Worker-3" [_thread_blocked, id=49552, stack(0x00007fca7c201000,0x00007fca7c302000)]
  0x00007fca14001000 JavaThread "Worker-4" [_thread_blocked, id=49556, stack(0x00007fca07377000,0x00007fca07478000)]
  0x00007fca100a1000 JavaThread "ForkJoinPool.commonPool-worker-3" daemon [_thread_blocked, id=49559, stack(0x00007fca06c76000,0x00007fca06d77000)]
  0x00007fc9f806a000 JavaThread "ForkJoinPool.commonPool-worker-7" daemon [_thread_blocked, id=49563, stack(0x00007fca06628000,0x00007fca06729000)]
  0x00007fca14037800 JavaThread "Bundle File Closer" daemon [_thread_blocked, id=49596, stack(0x00007fca7da09000,0x00007fca7db0a000)]
  0x00007fca001a1000 JavaThread "Java Debug Server" daemon [_thread_in_native, id=52345, stack(0x00007fc9ffdfe000,0x00007fc9ffeff000)]
  0x00007fc9f822e000 JavaThread "RxSchedulerPurge-1" daemon [_thread_blocked, id=52347, stack(0x00007fca04b1f000,0x00007fca04c20000)]
  0x00007fc9f8241800 JavaThread "RxCachedWorkerPoolEvictor-1" daemon [_thread_blocked, id=52348, stack(0x00007fca05927000,0x00007fca05a28000)]
  0x00007fca100b7800 JavaThread "ForkJoinPool.commonPool-worker-1" daemon [_thread_blocked, id=53402, stack(0x00007fca06729000,0x00007fca0682a000)]
  0x00007fca001a2800 JavaThread "Worker-5" [_thread_blocked, id=53405, stack(0x00007fca7cf04000,0x00007fca7d005000)]
  0x00007fca000e0800 JavaThread "Worker-6" [_thread_blocked, id=53485, stack(0x00007fca7d306000,0x00007fca7d407000)]

Other Threads:
  0x00007fca9c159800 VMThread "VM Thread" [stack: 0x00007fca7f4f6000,0x00007fca7f5f6000] [id=49454]
  0x00007fca9c1e0000 WatcherThread [stack: 0x00007fca7e627000,0x00007fca7e727000] [id=49470]
  0x00007fca9c02d800 GCTaskThread "ParGC Thread#0" [stack: 0x00007fcaa286b000,0x00007fcaa296b000] [id=49452]
  0x00007fca78001000 GCTaskThread "ParGC Thread#1" [stack: 0x00007fca7e323000,0x00007fca7e423000] [id=49514]
  0x00007fca78002800 GCTaskThread "ParGC Thread#2" [stack: 0x00007fca7e221000,0x00007fca7e321000] [id=49515]
=>0x00007fca78004000 GCTaskThread "ParGC Thread#3" [stack: 0x00007fca7e11f000,0x00007fca7e21f000] [id=49518]

Threads with active compile tasks:

VM state:at safepoint (normal execution)

VM Mutex/Monitor currently owned by a thread:  ([mutex/lock_event])
[0x00007fca9c012f50] Threads_lock - owner thread: 0x00007fca9c159800
[0x00007fca9c013730] Heap_lock - owner thread: 0x00007fca3c414000

Heap address: 0x00000000c0000000, size: 1024 MB, Compressed Oops mode: 32-bit
Narrow klass base: 0x0000000800000000, Narrow klass shift: 3
Compressed class space size: 1073741824 Address: 0x0000000840000000

Heap:
 PSYoungGen      total 4608K, used 3806K [0x00000000eab00000, 0x00000000eb200000, 0x0000000100000000)
  eden space 2560K, 78% used [0x00000000eab00000,0x00000000eacf9920,0x00000000ead80000)
  from space 2048K, 87% used [0x00000000eb000000,0x00000000eb1be000,0x00000000eb200000)
  to   space 2048K, 92% used [0x00000000eae00000,0x00000000eafd8000,0x00000000eb000000)
 ParOldGen       total 160768K, used 134017K [0x00000000c0000000, 0x00000000c9d00000, 0x00000000eab00000)
  object space 160768K, 83% used [0x00000000c0000000,0x00000000c82e0650,0x00000000c9d00000)
 Metaspace       used 71995K, capacity 75491K, committed 75904K, reserved 1116160K
  class space    used 6852K, capacity 8223K, committed 8320K, reserved 1048576K

Card table byte_map: [0x00007fcaa2ac1000,0x00007fcaa2cc2000] _byte_map_base: 0x00007fcaa24c1000

Marking Bits: (ParMarkBitMap*) 0x00007fcaa45de7e0
 Begin Bits: [0x00007fcaa0869000, 0x00007fcaa1869000)
 End Bits:   [0x00007fcaa1869000, 0x00007fcaa2869000)

Polling page: 0x00007fcaa2ecd000

Metaspace:

Usage:
  Non-class:     65.69 MB capacity,    63.62 MB ( 97%) used,     1.87 MB (  3%) free+waste,   209.75 KB ( <1%) overhead. 
      Class:      8.03 MB capacity,     6.69 MB ( 83%) used,     1.25 MB ( 16%) free+waste,    92.69 KB (  1%) overhead. 
       Both:     73.72 MB capacity,    70.31 MB ( 95%) used,     3.12 MB (  4%) free+waste,   302.44 KB ( <1%) overhead. 

Virtual space:
  Non-class space:       66.00 MB reserved,      66.00 MB (100%) committed 
      Class space:        1.00 GB reserved,       8.12 MB ( <1%) committed 
             Both:        1.06 GB reserved,      74.12 MB (  7%) committed 

Chunk freelists:
   Non-Class:  72.00 KB
       Class:  33.00 KB
        Both:  105.00 KB

MaxMetaspaceSize: unlimited
CompressedClassSpaceSize: 1.00 GB

CodeHeap 'non-profiled nmethods': size=120032Kb used=16001Kb max_used=16001Kb free=104030Kb
 bounds [0x00007fca8c340000, 0x00007fca8d2f0000, 0x00007fca93878000]
CodeHeap 'profiled nmethods': size=120032Kb used=36472Kb max_used=37217Kb free=83559Kb
 bounds [0x00007fca84e08000, 0x00007fca87298000, 0x00007fca8c340000]
CodeHeap 'non-nmethods': size=5696Kb used=1321Kb max_used=1377Kb free=4374Kb
 bounds [0x00007fca84878000, 0x00007fca84ae8000, 0x00007fca84e08000]
 total_blobs=15274 nmethods=14524 adapters=662
 compilation: enabled
              stopped_count=0, restarted_count=0
 full_count=0

Compilation events (20 events):
Event: 1120.533 Thread 0x00007fca9c16e800 18735       4       org.eclipse.core.internal.jobs.JobChangeEvent::<init> (32 bytes)
Event: 1120.533 Thread 0x00007fca9c16e800 nmethod 18735 0x00007fca8d2e2a10 code [0x00007fca8d2e2ba0, 0x00007fca8d2e2c38]
Event: 1120.711 Thread 0x00007fca9c16e800 18736   !   4       org.eclipse.core.internal.resources.WorkspaceRoot::getProjects (85 bytes)
Event: 1120.713 Thread 0x00007fca9c16e800 nmethod 18736 0x00007fca8d2e2c90 code [0x00007fca8d2e2e40, 0x00007fca8d2e30a8]
Event: 1121.458 Thread 0x00007fca9c16e800 18737       4       org.eclipse.core.runtime.SubMonitor::done (47 bytes)
Event: 1121.463 Thread 0x00007fca9c16e800 nmethod 18737 0x00007fca8d2e3290 code [0x00007fca8d2e3440, 0x00007fca8d2e35e8]
Event: 1122.050 Thread 0x00007fca9c170800 18738       3       org.eclipse.jface.text.TreeLineTracker::successorDown (21 bytes)
Event: 1122.050 Thread 0x00007fca9c170800 nmethod 18738 0x00007fca86117790 code [0x00007fca86117940, 0x00007fca86117b30]
Event: 1122.542 Thread 0x00007fca9c170800 18739       1       org.eclipse.jdt.core.dom.InfixExpression::getNodeType0 (3 bytes)
Event: 1122.543 Thread 0x00007fca9c170800 nmethod 18739 0x00007fca8d2e3790 code [0x00007fca8d2e3940, 0x00007fca8d2e3a10]
Event: 1122.548 Thread 0x00007fca9c16e800 18740       4       org.eclipse.jdt.internal.compiler.parser.AbstractCommentParser::<init> (162 bytes)
Event: 1122.558 Thread 0x00007fca9c16e800 nmethod 18740 0x00007fca8d2e3a90 code [0x00007fca8d2e3c60, 0x00007fca8d2e42a8]
Event: 1122.908 Thread 0x00007fca9c170800 18741       3       org.eclipse.jdt.internal.compiler.parser.Parser::consumeStatementIfWithElse (106 bytes)
Event: 1122.909 Thread 0x00007fca9c170800 nmethod 18741 0x00007fca861d4290 code [0x00007fca861d4480, 0x00007fca861d4ae0]
Event: 1122.910 Thread 0x00007fca9c170800 18742       3       org.eclipse.jdt.internal.compiler.ast.IfStatement::<init> (99 bytes)
Event: 1122.911 Thread 0x00007fca9c170800 nmethod 18742 0x00007fca86286990 code [0x00007fca86286b80, 0x00007fca86287230]
Event: 1122.927 Thread 0x00007fca9c170800 18743       3       org.eclipse.jdt.internal.compiler.codegen.CodeStream::resizeByteArray (44 bytes)
Event: 1122.928 Thread 0x00007fca9c170800 nmethod 18743 0x00007fca86118c10 code [0x00007fca86118de0, 0x00007fca861190a0]
Event: 1122.932 Thread 0x00007fca9c16e800 18744       4       org.eclipse.jdt.internal.corext.dom.GenericVisitor::endVisit (6 bytes)
Event: 1122.932 Thread 0x00007fca9c16e800 nmethod 18744 0x00007fca8d2e4510 code [0x00007fca8d2e46a0, 0x00007fca8d2e4718]

GC Heap History (20 events):
Event: 1122.584 GC heap after
{Heap after GC invocations=2413 (full 75):
 PSYoungGen      total 5120K, used 1007K [0x00000000eab00000, 0x00000000eb800000, 0x0000000100000000)
  eden space 4096K, 0% used [0x00000000eab00000,0x00000000eab00000,0x00000000eaf00000)
  from space 1024K, 98% used [0x00000000eaf80000,0x00000000eb07bc50,0x00000000eb080000)
  to   space 4608K, 0% used [0x00000000eb380000,0x00000000eb380000,0x00000000eb800000)
 ParOldGen       total 155648K, used 151838K [0x00000000c0000000, 0x00000000c9800000, 0x00000000eab00000)
  object space 155648K, 97% used [0x00000000c0000000,0x00000000c9447998,0x00000000c9800000)
 Metaspace       used 71994K, capacity 75491K, committed 75904K, reserved 1116160K
  class space    used 6852K, capacity 8223K, committed 8320K, reserved 1048576K
}
Event: 1122.591 GC heap before
{Heap before GC invocations=2414 (full 75):
 PSYoungGen      total 5120K, used 5103K [0x00000000eab00000, 0x00000000eb800000, 0x0000000100000000)
  eden space 4096K, 100% used [0x00000000eab00000,0x00000000eaf00000,0x00000000eaf00000)
  from space 1024K, 98% used [0x00000000eaf80000,0x00000000eb07bc50,0x00000000eb080000)
  to   space 4608K, 0% used [0x00000000eb380000,0x00000000eb380000,0x00000000eb800000)
 ParOldGen       total 155648K, used 151838K [0x00000000c0000000, 0x00000000c9800000, 0x00000000eab00000)
  object space 155648K, 97% used [0x00000000c0000000,0x00000000c9447998,0x00000000c9800000)
 Metaspace       used 71994K, capacity 75491K, committed 75904K, reserved 1116160K
  class space    used 6852K, capacity 8223K, committed 8320K, reserved 1048576K
}
Event: 1122.594 GC heap after
{Heap after GC invocations=2414 (full 75):
 PSYoungGen      total 7168K, used 2671K [0x00000000eab00000, 0x00000000eb680000, 0x0000000100000000)
  eden space 4096K, 0% used [0x00000000eab00000,0x00000000eab00000,0x00000000eaf00000)
  from space 3072K, 86% used [0x00000000eb380000,0x00000000eb61bc50,0x00000000eb680000)
  to   space 3584K, 0% used [0x00000000eaf80000,0x00000000eaf80000,0x00000000eb300000)
 ParOldGen       total 155648K, used 152014K [0x00000000c0000000, 0x00000000c9800000, 0x00000000eab00000)
  object space 155648K, 97% used [0x00000000c0000000,0x00000000c9473998,0x00000000c9800000)
 Metaspace       used 71994K, capacity 75491K, committed 75904K, reserved 1116160K
  class space    used 6852K, capacity 8223K, committed 8320K, reserved 1048576K
}
Event: 1122.917 GC heap before
{Heap before GC invocations=2415 (full 75):
 PSYoungGen      total 7168K, used 6767K [0x00000000eab00000, 0x00000000eb680000, 0x0000000100000000)
  eden space 4096K, 100% used [0x00000000eab00000,0x00000000eaf00000,0x00000000eaf00000)
  from space 3072K, 86% used [0x00000000eb380000,0x00000000eb61bc50,0x00000000eb680000)
  to   space 3584K, 0% used [0x00000000eaf80000,0x00000000eaf80000,0x00000000eb300000)
 ParOldGen       total 155648K, used 152014K [0x00000000c0000000, 0x00000000c9800000, 0x00000000eab00000)
  object space 155648K, 97% used [0x00000000c0000000,0x00000000c9473998,0x00000000c9800000)
 Metaspace       used 71995K, capacity 75491K, committed 75904K, reserved 1116160K
  class space    used 6852K, capacity 8223K, committed 8320K, reserved 1048576K
}
Event: 1122.921 GC heap after
{Heap after GC invocations=2415 (full 75):
 PSYoungGen      total 5120K, used 832K [0x00000000eab00000, 0x00000000eb400000, 0x0000000100000000)
  eden space 4096K, 0% used [0x00000000eab00000,0x00000000eab00000,0x00000000eaf00000)
  from space 1024K, 81% used [0x00000000eaf80000,0x00000000eb050000,0x00000000eb080000)
  to   space 2048K, 0% used [0x00000000eb200000,0x00000000eb200000,0x00000000eb400000)
 ParOldGen       total 155648K, used 152022K [0x00000000c0000000, 0x00000000c9800000, 0x00000000eab00000)
  object space 155648K, 97% used [0x00000000c0000000,0x00000000c9475998,0x00000000c9800000)
 Metaspace       used 71995K, capacity 75491K, committed 75904K, reserved 1116160K
  class space    used 6852K, capacity 8223K, committed 8320K, reserved 1048576K
}
Event: 1122.944 GC heap before
{Heap before GC invocations=2416 (full 75):
 PSYoungGen      total 5120K, used 4928K [0x00000000eab00000, 0x00000000eb400000, 0x0000000100000000)
  eden space 4096K, 100% used [0x00000000eab00000,0x00000000eaf00000,0x00000000eaf00000)
  from space 1024K, 81% used [0x00000000eaf80000,0x00000000eb050000,0x00000000eb080000)
  to   space 2048K, 0% used [0x00000000eb200000,0x00000000eb200000,0x00000000eb400000)
 ParOldGen       total 155648K, used 152022K [0x00000000c0000000, 0x00000000c9800000, 0x00000000eab00000)
  object space 155648K, 97% used [0x00000000c0000000,0x00000000c9475998,0x00000000c9800000)
 Metaspace       used 71995K, capacity 75491K, committed 75904K, reserved 1116160K
  class space    used 6852K, capacity 8223K, committed 8320K, reserved 1048576K
}
Event: 1122.950 GC heap after
{Heap after GC invocations=2416 (full 75):
 PSYoungGen      total 5632K, used 1424K [0x00000000eab00000, 0x00000000eb380000, 0x0000000100000000)
  eden space 4096K, 0% used [0x00000000eab00000,0x00000000eab00000,0x00000000eaf00000)
  from space 1536K, 92% used [0x00000000eb200000,0x00000000eb364010,0x00000000eb380000)
  to   space 2048K, 0% used [0x00000000eaf80000,0x00000000eaf80000,0x00000000eb180000)
 ParOldGen       total 155648K, used 152737K [0x00000000c0000000, 0x00000000c9800000, 0x00000000eab00000)
  object space 155648K, 98% used [0x00000000c0000000,0x00000000c95285e0,0x00000000c9800000)
 Metaspace       used 71995K, capacity 75491K, committed 75904K, reserved 1116160K
  class space    used 6852K, capacity 8223K, committed 8320K, reserved 1048576K
}
Event: 1123.130 GC heap before
{Heap before GC invocations=2417 (full 75):
 PSYoungGen      total 5632K, used 5395K [0x00000000eab00000, 0x00000000eb380000, 0x0000000100000000)
  eden space 4096K, 96% used [0x00000000eab00000,0x00000000eaee0c38,0x00000000eaf00000)
  from space 1536K, 92% used [0x00000000eb200000,0x00000000eb364010,0x00000000eb380000)
  to   space 2048K, 0% used [0x00000000eaf80000,0x00000000eaf80000,0x00000000eb180000)
 ParOldGen       total 155648K, used 152737K [0x00000000c0000000, 0x00000000c9800000, 0x00000000eab00000)
  object space 155648K, 98% used [0x00000000c0000000,0x00000000c95285e0,0x00000000c9800000)
 Metaspace       used 71995K, capacity 75491K, committed 75904K, reserved 1116160K
  class space    used 6852K, capacity 8223K, committed 8320K, reserved 1048576K
}
Event: 1123.137 GC heap after
{Heap after GC invocations=2417 (full 75):
 PSYoungGen      total 6144K, used 64K [0x00000000eab00000, 0x00000000eb280000, 0x0000000100000000)
  eden space 4096K, 0% used [0x00000000eab00000,0x00000000eab00000,0x00000000eaf00000)
  from space 2048K, 3% used [0x00000000eaf80000,0x00000000eaf90000,0x00000000eb180000)
  to   space 1024K, 0% used [0x00000000eb180000,0x00000000eb180000,0x00000000eb280000)
 ParOldGen       total 155648K, used 153175K [0x00000000c0000000, 0x00000000c9800000, 0x00000000eab00000)
  object space 155648K, 98% used [0x00000000c0000000,0x00000000c9595d60,0x00000000c9800000)
 Metaspace       used 71995K, capacity 75491K, committed 75904K, reserved 1116160K
  class space    used 6852K, capacity 8223K, committed 8320K, reserved 1048576K
}
Event: 1123.149 GC heap before
{Heap before GC invocations=2418 (full 75):
 PSYoungGen      total 6144K, used 4160K [0x00000000eab00000, 0x00000000eb280000, 0x0000000100000000)
  eden space 4096K, 100% used [0x00000000eab00000,0x00000000eaf00000,0x00000000eaf00000)
  from space 2048K, 3% used [0x00000000eaf80000,0x00000000eaf90000,0x00000000eb180000)
  to   space 1024K, 0% used [0x00000000eb180000,0x00000000eb180000,0x00000000eb280000)
 ParOldGen       total 155648K, used 153175K [0x00000000c0000000, 0x00000000c9800000, 0x00000000eab00000)
  object space 155648K, 98% used [0x00000000c0000000,0x00000000c9595d60,0x00000000c9800000)
 Metaspace       used 71995K, capacity 75491K, committed 75904K, reserved 1116160K
  class space    used 6852K, capacity 8223K, committed 8320K, reserved 1048576K
}
Event: 1123.156 GC heap after
{Heap after GC invocations=2418 (full 75):
 PSYoungGen      total 2560K, used 1002K [0x00000000eab00000, 0x00000000eba00000, 0x0000000100000000)
  eden space 1536K, 0% used [0x00000000eab00000,0x00000000eab00000,0x00000000eac80000)
  from space 1024K, 97% used [0x00000000eb180000,0x00000000eb27a860,0x00000000eb280000)
  to   space 5120K, 0% used [0x00000000eac80000,0x00000000eac80000,0x00000000eb180000)
 ParOldGen       total 157184K, used 156287K [0x00000000c0000000, 0x00000000c9980000, 0x00000000eab00000)
  object space 157184K, 99% used [0x00000000c0000000,0x00000000c989fd60,0x00000000c9980000)
 Metaspace       used 71995K, capacity 75491K, committed 75904K, reserved 1116160K
  class space    used 6852K, capacity 8223K, committed 8320K, reserved 1048576K
}
Event: 1123.156 GC heap before
{Heap before GC invocations=2419 (full 76):
 PSYoungGen      total 2560K, used 1002K [0x00000000eab00000, 0x00000000eba00000, 0x0000000100000000)
  eden space 1536K, 0% used [0x00000000eab00000,0x00000000eab00000,0x00000000eac80000)
  from space 1024K, 97% used [0x00000000eb180000,0x00000000eb27a860,0x00000000eb280000)
  to   space 5120K, 0% used [0x00000000eac80000,0x00000000eac80000,0x00000000eb180000)
 ParOldGen       total 157184K, used 156287K [0x00000000c0000000, 0x00000000c9980000, 0x00000000eab00000)
  object space 157184K, 99% used [0x00000000c0000000,0x00000000c989fd60,0x00000000c9980000)
 Metaspace       used 71995K, capacity 75491K, committed 75904K, reserved 1116160K
  class space    used 6852K, capacity 8223K, committed 8320K, reserved 1048576K
}
Event: 1123.280 GC heap after
{Heap after GC invocations=2419 (full 76):
 PSYoungGen      total 6656K, used 0K [0x00000000eab00000, 0x00000000eb680000, 0x0000000100000000)
  eden space 1536K, 0% used [0x00000000eab00000,0x00000000eab00000,0x00000000eac80000)
  from space 5120K, 0% used [0x00000000eac80000,0x00000000eac80000,0x00000000eb180000)
  to   space 5120K, 0% used [0x00000000eb180000,0x00000000eb180000,0x00000000eb680000)
 ParOldGen       total 160768K, used 125717K [0x00000000c0000000, 0x00000000c9d00000, 0x00000000eab00000)
  object space 160768K, 78% used [0x00000000c0000000,0x00000000c7ac55e8,0x00000000c9d00000)
 Metaspace       used 71995K, capacity 75491K, committed 75904K, reserved 1116160K
  class space    used 6852K, capacity 8223K, committed 8320K, reserved 1048576K
}
Event: 1123.283 GC heap before
{Heap before GC invocations=2420 (full 76):
 PSYoungGen      total 6656K, used 1536K [0x00000000eab00000, 0x00000000eb680000, 0x0000000100000000)
  eden space 1536K, 100% used [0x00000000eab00000,0x00000000eac80000,0x00000000eac80000)
  from space 5120K, 0% used [0x00000000eac80000,0x00000000eac80000,0x00000000eb180000)
  to   space 5120K, 0% used [0x00000000eb180000,0x00000000eb180000,0x00000000eb680000)
 ParOldGen       total 160768K, used 125717K [0x00000000c0000000, 0x00000000c9d00000, 0x00000000eab00000)
  object space 160768K, 78% used [0x00000000c0000000,0x00000000c7ac55e8,0x00000000c9d00000)
 Metaspace       used 71995K, capacity 75491K, committed 75904K, reserved 1116160K
  class space    used 6852K, capacity 8223K, committed 8320K, reserved 1048576K
}
Event: 1123.285 GC heap after
{Heap after GC invocations=2420 (full 76):
 PSYoungGen      total 3072K, used 1536K [0x00000000eab00000, 0x00000000eb300000, 0x0000000100000000)
  eden space 1536K, 0% used [0x00000000eab00000,0x00000000eab00000,0x00000000eac80000)
  from space 1536K, 100% used [0x00000000eb180000,0x00000000eb300000,0x00000000eb300000)
  to   space 2560K, 0% used [0x00000000eae00000,0x00000000eae00000,0x00000000eb080000)
 ParOldGen       total 160768K, used 125717K [0x00000000c0000000, 0x00000000c9d00000, 0x00000000eab00000)
  object space 160768K, 78% used [0x00000000c0000000,0x00000000c7ac55e8,0x00000000c9d00000)
 Metaspace       used 71995K, capacity 75491K, committed 75904K, reserved 1116160K
  class space    used 6852K, capacity 8223K, committed 8320K, reserved 1048576K
}
Event: 1123.288 GC heap before
{Heap before GC invocations=2421 (full 76):
 PSYoungGen      total 3072K, used 3072K [0x00000000eab00000, 0x00000000eb300000, 0x0000000100000000)
  eden space 1536K, 100% used [0x00000000eab00000,0x00000000eac80000,0x00000000eac80000)
  from space 1536K, 100% used [0x00000000eb180000,0x00000000eb300000,0x00000000eb300000)
  to   space 2560K, 0% used [0x00000000eae00000,0x00000000eae00000,0x00000000eb080000)
 ParOldGen       total 160768K, used 125717K [0x00000000c0000000, 0x00000000c9d00000, 0x00000000eab00000)
  object space 160768K, 78% used [0x00000000c0000000,0x00000000c7ac55e8,0x00000000c9d00000)
 Metaspace       used 71995K, capacity 75491K, committed 75904K, reserved 1116160K
  class space    used 6852K, capacity 8223K, committed 8320K, reserved 1048576K
}
Event: 1123.291 GC heap after
{Heap after GC invocations=2421 (full 76):
 PSYoungGen      total 4096K, used 1568K [0x00000000eab00000, 0x00000000eb200000, 0x0000000100000000)
  eden space 2048K, 0% used [0x00000000eab00000,0x00000000eab00000,0x00000000ead00000)
  from space 2048K, 76% used [0x00000000eae00000,0x00000000eaf88000,0x00000000eb000000)
  to   space 2048K, 0% used [0x00000000eb000000,0x00000000eb000000,0x00000000eb200000)
 ParOldGen       total 160768K, used 127229K [0x00000000c0000000, 0x00000000c9d00000, 0x00000000eab00000)
  object space 160768K, 79% used [0x00000000c0000000,0x00000000c7c3f5e8,0x00000000c9d00000)
 Metaspace       used 71995K, capacity 75491K, committed 75904K, reserved 1116160K
  class space    used 6852K, capacity 8223K, committed 8320K, reserved 1048576K
}
Event: 1123.295 GC heap before
{Heap before GC invocations=2422 (full 76):
 PSYoungGen      total 4096K, used 3485K [0x00000000eab00000, 0x00000000eb200000, 0x0000000100000000)
  eden space 2048K, 93% used [0x00000000eab00000,0x00000000eacdf5b8,0x00000000ead00000)
  from space 2048K, 76% used [0x00000000eae00000,0x00000000eaf88000,0x00000000eb000000)
  to   space 2048K, 0% used [0x00000000eb000000,0x00000000eb000000,0x00000000eb200000)
 ParOldGen       total 160768K, used 127229K [0x00000000c0000000, 0x00000000c9d00000, 0x00000000eab00000)
  object space 160768K, 79% used [0x00000000c0000000,0x00000000c7c3f5e8,0x00000000c9d00000)
 Metaspace       used 71995K, capacity 75491K, committed 75904K, reserved 1116160K
  class space    used 6852K, capacity 8223K, committed 8320K, reserved 1048576K
}
Event: 1123.298 GC heap after
{Heap after GC invocations=2422 (full 76):
 PSYoungGen      total 4608K, used 1784K [0x00000000eab00000, 0x00000000eb200000, 0x0000000100000000)
  eden space 2560K, 0% used [0x00000000eab00000,0x00000000eab00000,0x00000000ead80000)
  from space 2048K, 87% used [0x00000000eb000000,0x00000000eb1be000,0x00000000eb200000)
  to   space 2048K, 0% used [0x00000000eae00000,0x00000000eae00000,0x00000000eb000000)
 ParOldGen       total 160768K, used 128741K [0x00000000c0000000, 0x00000000c9d00000, 0x00000000eab00000)
  object space 160768K, 80% used [0x00000000c0000000,0x00000000c7db95e8,0x00000000c9d00000)
 Metaspace       used 71995K, capacity 75491K, committed 75904K, reserved 1116160K
  class space    used 6852K, capacity 8223K, committed 8320K, reserved 1048576K
}
Event: 1123.306 GC heap before
{Heap before GC invocations=2423 (full 76):
 PSYoungGen      total 4608K, used 3806K [0x00000000eab00000, 0x00000000eb200000, 0x0000000100000000)
  eden space 2560K, 78% used [0x00000000eab00000,0x00000000eacf9920,0x00000000ead80000)
  from space 2048K, 87% used [0x00000000eb000000,0x00000000eb1be000,0x00000000eb200000)
  to   space 2048K, 0% used [0x00000000eae00000,0x00000000eae00000,0x00000000eb000000)
 ParOldGen       total 160768K, used 128741K [0x00000000c0000000, 0x00000000c9d00000, 0x00000000eab00000)
  object space 160768K, 80% used [0x00000000c0000000,0x00000000c7db95e8,0x00000000c9d00000)
 Metaspace       used 71995K, capacity 75491K, committed 75904K, reserved 1116160K
  class space    used 6852K, capacity 8223K, committed 8320K, reserved 1048576K
}

Deoptimization events (20 events):
Event: 1100.190 Thread 0x00007fc9f806a000 Uncommon trap: trap_request=0xffffffde fr.pc=0x00007fca8cf62ccc relative=0x00000000000004cc
Event: 1100.191 Thread 0x00007fc9f806a000 Uncommon trap: reason=class_check action=maybe_recompile pc=0x00007fca8cf62ccc method=org.eclipse.jdt.core.dom.TypeBinding.getTypeDeclaration()Lorg/eclipse/jdt/core/dom/ITypeBinding; @ 18 c2
Event: 1100.191 Thread 0x00007fc9f806a000 DEOPT PACKING pc=0x00007fca8cf62ccc sp=0x00007fca06726f20
Event: 1100.191 Thread 0x00007fc9f806a000 DEOPT UNPACKING pc=0x00007fca8489cf1f sp=0x00007fca06726ee0 mode 2
Event: 1100.768 Thread 0x00007fc9f806a000 Uncommon trap: trap_request=0xffffffde fr.pc=0x00007fca8cf62ccc relative=0x00000000000004cc
Event: 1100.768 Thread 0x00007fc9f806a000 Uncommon trap: reason=class_check action=maybe_recompile pc=0x00007fca8cf62ccc method=org.eclipse.jdt.core.dom.TypeBinding.getTypeDeclaration()Lorg/eclipse/jdt/core/dom/ITypeBinding; @ 18 c2
Event: 1100.768 Thread 0x00007fc9f806a000 DEOPT PACKING pc=0x00007fca8cf62ccc sp=0x00007fca06726f20
Event: 1100.768 Thread 0x00007fc9f806a000 DEOPT UNPACKING pc=0x00007fca8489cf1f sp=0x00007fca06726ee0 mode 2
Event: 1101.798 Thread 0x00007fc9f806a000 Uncommon trap: trap_request=0xffffffde fr.pc=0x00007fca8cf62ccc relative=0x00000000000004cc
Event: 1101.798 Thread 0x00007fc9f806a000 Uncommon trap: reason=class_check action=maybe_recompile pc=0x00007fca8cf62ccc method=org.eclipse.jdt.core.dom.TypeBinding.getTypeDeclaration()Lorg/eclipse/jdt/core/dom/ITypeBinding; @ 18 c2
Event: 1101.798 Thread 0x00007fc9f806a000 DEOPT PACKING pc=0x00007fca8cf62ccc sp=0x00007fca06726f20
Event: 1101.798 Thread 0x00007fc9f806a000 DEOPT UNPACKING pc=0x00007fca8489cf1f sp=0x00007fca06726ee0 mode 2
Event: 1101.798 Thread 0x00007fc9f806a000 Uncommon trap: trap_request=0xffffffde fr.pc=0x00007fca8cf62ccc relative=0x00000000000004cc
Event: 1101.798 Thread 0x00007fc9f806a000 Uncommon trap: reason=class_check action=maybe_recompile pc=0x00007fca8cf62ccc method=org.eclipse.jdt.core.dom.TypeBinding.getTypeDeclaration()Lorg/eclipse/jdt/core/dom/ITypeBinding; @ 18 c2
Event: 1101.798 Thread 0x00007fc9f806a000 DEOPT PACKING pc=0x00007fca8cf62ccc sp=0x00007fca06726f20
Event: 1101.798 Thread 0x00007fc9f806a000 DEOPT UNPACKING pc=0x00007fca8489cf1f sp=0x00007fca06726ee0 mode 2
Event: 1106.705 Thread 0x00007fca100b7800 Uncommon trap: trap_request=0xffffffcc fr.pc=0x00007fca8d2c7ba0 relative=0x0000000000000160
Event: 1106.705 Thread 0x00007fca100b7800 Uncommon trap: reason=intrinsic_or_type_checked_inlining action=make_not_entrant pc=0x00007fca8d2c7ba0 method=org.eclipse.core.internal.resources.WorkspaceRoot.getProjects(I)[Lorg/eclipse/core/resources/IProject; @ 8 c2
Event: 1106.705 Thread 0x00007fca100b7800 DEOPT PACKING pc=0x00007fca8d2c7ba0 sp=0x00007fca06827970
Event: 1106.705 Thread 0x00007fca100b7800 DEOPT UNPACKING pc=0x00007fca8489cf1f sp=0x00007fca068278e8 mode 2

Classes redefined (0 events):
No events

Internal exceptions (20 events):
Event: 969.364 Thread 0x00007fca001a2800 Exception <a 'java/lang/ArrayIndexOutOfBoundsException'{0x00000000eb19b940}> (0x00000000eb19b940) thrown at [src/hotspot/share/runtime/sharedRuntime.cpp, line 606]
Event: 969.370 Thread 0x00007fca100b7800 Exception <a 'java/lang/ArrayIndexOutOfBoundsException'{0x00000000eb263e40}> (0x00000000eb263e40) thrown at [src/hotspot/share/runtime/sharedRuntime.cpp, line 606]
Event: 969.395 Thread 0x00007fc9f806a000 Exception <a 'java/lang/ArrayIndexOutOfBoundsException'{0x00000000eade0ee8}> (0x00000000eade0ee8) thrown at [src/hotspot/share/runtime/sharedRuntime.cpp, line 606]
Event: 969.400 Thread 0x00007fc9f806a000 Exception <a 'java/lang/ArrayIndexOutOfBoundsException'{0x00000000eaf12710}> (0x00000000eaf12710) thrown at [src/hotspot/share/runtime/sharedRuntime.cpp, line 606]
Event: 969.819 Thread 0x00007fca14001000 Exception <a 'java/lang/ArrayIndexOutOfBoundsException'{0x00000000eb07ada0}> (0x00000000eb07ada0) thrown at [src/hotspot/share/runtime/sharedRuntime.cpp, line 606]
Event: 969.850 Thread 0x00007fca14001000 Exception <a 'java/lang/ArrayIndexOutOfBoundsException'{0x00000000eac418c0}> (0x00000000eac418c0) thrown at [src/hotspot/share/runtime/sharedRuntime.cpp, line 606]
Event: 969.861 Thread 0x00007fca14001000 Exception <a 'java/lang/ArrayIndexOutOfBoundsException'{0x00000000eaef4028}> (0x00000000eaef4028) thrown at [src/hotspot/share/runtime/sharedRuntime.cpp, line 606]
Event: 969.973 Thread 0x00007fca9c526800 Exception <a 'java/lang/ArrayIndexOutOfBoundsException'{0x00000000eb2033a0}> (0x00000000eb2033a0) thrown at [src/hotspot/share/runtime/sharedRuntime.cpp, line 606]
Event: 969.976 Thread 0x00007fca9c526800 Exception <a 'java/lang/ArrayIndexOutOfBoundsException'{0x00000000eb26a450}> (0x00000000eb26a450) thrown at [src/hotspot/share/runtime/sharedRuntime.cpp, line 606]
Event: 970.139 Thread 0x00007fca14001000 Exception <a 'java/lang/ArrayIndexOutOfBoundsException'{0x00000000ead49ea8}> (0x00000000ead49ea8) thrown at [src/hotspot/share/runtime/sharedRuntime.cpp, line 606]
Event: 970.309 Thread 0x00007fc9f806a000 Exception <a 'java/lang/ArrayIndexOutOfBoundsException'{0x00000000eab58138}> (0x00000000eab58138) thrown at [src/hotspot/share/runtime/sharedRuntime.cpp, line 606]
Event: 970.312 Thread 0x00007fc9f806a000 Exception <a 'java/lang/ArrayIndexOutOfBoundsException'{0x00000000eac7fd50}> (0x00000000eac7fd50) thrown at [src/hotspot/share/runtime/sharedRuntime.cpp, line 606]
Event: 970.566 Thread 0x00007fca3c414000 Exception <a 'java/lang/ArrayIndexOutOfBoundsException'{0x00000000eada8330}> (0x00000000eada8330) thrown at [src/hotspot/share/runtime/sharedRuntime.cpp, line 606]
Event: 971.086 Thread 0x00007fca14001000 Exception <a 'java/lang/ArrayIndexOutOfBoundsException'{0x00000000eb00f210}> (0x00000000eb00f210) thrown at [src/hotspot/share/runtime/sharedRuntime.cpp, line 606]
Event: 971.091 Thread 0x00007fca100b7800 Exception <a 'java/lang/ArrayIndexOutOfBoundsException'{0x00000000eb0eb4b8}> (0x00000000eb0eb4b8) thrown at [src/hotspot/share/runtime/sharedRuntime.cpp, line 606]
Event: 971.136 Thread 0x00007fc9f806a000 Exception <a 'java/lang/ArrayIndexOutOfBoundsException'{0x00000000eac5f1a0}> (0x00000000eac5f1a0) thrown at [src/hotspot/share/runtime/sharedRuntime.cpp, line 606]
Event: 971.160 Thread 0x00007fc9f806a000 Exception <a 'java/lang/ArrayIndexOutOfBoundsException'{0x00000000ead94d00}: Index 2785 out of bounds for length 2785> (0x00000000ead94d00) thrown at [src/hotspot/share/interpreter/interpreterRuntime.cpp, line 444]
Event: 1056.175 Thread 0x00007fc9f806a000 Exception <a 'java/lang/ArrayIndexOutOfBoundsException'{0x00000000eac34d68}> (0x00000000eac34d68) thrown at [src/hotspot/share/runtime/sharedRuntime.cpp, line 606]
Event: 1056.188 Thread 0x00007fc9f806a000 Exception <a 'java/lang/ArrayIndexOutOfBoundsException'{0x00000000eaba2ef8}> (0x00000000eaba2ef8) thrown at [src/hotspot/share/runtime/sharedRuntime.cpp, line 606]
Event: 1056.188 Thread 0x00007fc9f806a000 Exception <a 'java/lang/ArrayIndexOutOfBoundsException'{0x00000000eaba34c0}> (0x00000000eaba34c0) thrown at [src/hotspot/share/runtime/sharedRuntime.cpp, line 606]

Events (20 events):
Event: 1122.574 Executing VM operation: ParallelGCFailedAllocation done
Event: 1122.582 Executing VM operation: ParallelGCFailedAllocation
Event: 1122.585 Executing VM operation: ParallelGCFailedAllocation done
Event: 1122.591 Executing VM operation: ParallelGCFailedAllocation
Event: 1122.594 Executing VM operation: ParallelGCFailedAllocation done
Event: 1122.917 Executing VM operation: ParallelGCFailedAllocation
Event: 1122.921 Executing VM operation: ParallelGCFailedAllocation done
Event: 1122.944 Executing VM operation: ParallelGCFailedAllocation
Event: 1122.950 Executing VM operation: ParallelGCFailedAllocation done
Event: 1123.130 Executing VM operation: ParallelGCFailedAllocation
Event: 1123.137 Executing VM operation: ParallelGCFailedAllocation done
Event: 1123.149 Executing VM operation: ParallelGCFailedAllocation
Event: 1123.281 Executing VM operation: ParallelGCFailedAllocation done
Event: 1123.283 Executing VM operation: ParallelGCFailedAllocation
Event: 1123.285 Executing VM operation: ParallelGCFailedAllocation done
Event: 1123.287 Executing VM operation: ParallelGCFailedAllocation
Event: 1123.291 Executing VM operation: ParallelGCFailedAllocation done
Event: 1123.295 Executing VM operation: ParallelGCFailedAllocation
Event: 1123.298 Executing VM operation: ParallelGCFailedAllocation done
Event: 1123.306 Executing VM operation: ParallelGCFailedAllocation


Dynamic libraries:
c0000000-c9d00000 rw-p 00000000 00:00 0 
c9d00000-eab00000 ---p 00000000 00:00 0 
eab00000-eb200000 rw-p 00000000 00:00 0 
eb200000-100000000 ---p 00000000 00:00 0 
800000000-800002000 rwxp 00001000 08:12 6688064                          /usr/lib/jvm/java-11-openjdk-amd64/lib/server/classes.jsa
800002000-8003b9000 rw-p 00003000 08:12 6688064                          /usr/lib/jvm/java-11-openjdk-amd64/lib/server/classes.jsa
8003b9000-800a96000 r--p 003ba000 08:12 6688064                          /usr/lib/jvm/java-11-openjdk-amd64/lib/server/classes.jsa
800a96000-800a97000 rw-p 00a97000 08:12 6688064                          /usr/lib/jvm/java-11-openjdk-amd64/lib/server/classes.jsa
800a97000-8010a5000 r--p 00a98000 08:12 6688064                          /usr/lib/jvm/java-11-openjdk-amd64/lib/server/classes.jsa
840000000-840820000 rw-p 00000000 00:00 0 
840820000-880000000 ---p 00000000 00:00 0 
563eca7f1000-563eca7f2000 r--p 00000000 08:12 6687783                    /usr/lib/jvm/java-11-openjdk-amd64/bin/java
563eca7f2000-563eca7f3000 r-xp 00001000 08:12 6687783                    /usr/lib/jvm/java-11-openjdk-amd64/bin/java
563eca7f3000-563eca7f4000 r--p 00002000 08:12 6687783                    /usr/lib/jvm/java-11-openjdk-amd64/bin/java
563eca7f4000-563eca7f5000 r--p 00002000 08:12 6687783                    /usr/lib/jvm/java-11-openjdk-amd64/bin/java
563eca7f5000-563eca7f6000 rw-p 00003000 08:12 6687783                    /usr/lib/jvm/java-11-openjdk-amd64/bin/java
563ecabb1000-563ecabf7000 rw-p 00000000 00:00 0                          [heap]
7fc9f8000000-7fc9f82f6000 rw-p 00000000 00:00 0 
7fc9f82f6000-7fc9fc000000 ---p 00000000 00:00 0 
7fc9ff8fd000-7fc9ffafd000 rw-p 00000000 00:00 0 
7fc9ffafd000-7fc9ffcfd000 rw-p 00000000 00:00 0 
7fc9ffcfd000-7fc9ffd01000 ---p 00000000 00:00 0 
7fc9ffd01000-7fc9ffdfe000 rw-p 00000000 00:00 0 
7fc9ffdfe000-7fc9ffe02000 ---p 00000000 00:00 0 
7fc9ffe02000-7fc9ffeff000 rw-p 00000000 00:00 0 
7fc9ffeff000-7fc9fff03000 ---p 00000000 00:00 0 
7fc9fff03000-7fca00000000 rw-p 00000000 00:00 0 
7fca00000000-7fca0072e000 rw-p 00000000 00:00 0 
7fca0072e000-7fca04000000 ---p 00000000 00:00 0 
7fca04018000-7fca0401c000 ---p 00000000 00:00 0 
7fca0401c000-7fca04119000 rw-p 00000000 00:00 0 
7fca04119000-7fca0411d000 ---p 00000000 00:00 0 
7fca0411d000-7fca0421a000 rw-p 00000000 00:00 0 
7fca0421a000-7fca0421e000 ---p 00000000 00:00 0 
7fca0421e000-7fca0431b000 rw-p 00000000 00:00 0 
7fca0431b000-7fca0431f000 ---p 00000000 00:00 0 
7fca0431f000-7fca0441c000 rw-p 00000000 00:00 0 
7fca0441c000-7fca04420000 ---p 00000000 00:00 0 
7fca04420000-7fca0471d000 rw-p 00000000 00:00 0 
7fca0471d000-7fca0491d000 rw-p 00000000 00:00 0 
7fca0491d000-7fca04921000 ---p 00000000 00:00 0 
7fca04921000-7fca04a1e000 rw-p 00000000 00:00 0 
7fca04a1e000-7fca04a22000 ---p 00000000 00:00 0 
7fca04a22000-7fca04b1f000 rw-p 00000000 00:00 0 
7fca04b1f000-7fca04b23000 ---p 00000000 00:00 0 
7fca04b23000-7fca04c20000 rw-p 00000000 00:00 0 
7fca04c20000-7fca04c24000 ---p 00000000 00:00 0 
7fca04c24000-7fca04d21000 rw-p 00000000 00:00 0 
7fca04d21000-7fca04d25000 ---p 00000000 00:00 0 
7fca04d25000-7fca04e22000 rw-p 00000000 00:00 0 
7fca04e22000-7fca04e26000 ---p 00000000 00:00 0 
7fca04e26000-7fca04f23000 rw-p 00000000 00:00 0 
7fca04f23000-7fca04f27000 ---p 00000000 00:00 0 
7fca04f27000-7fca05224000 rw-p 00000000 00:00 0 
7fca05224000-7fca05228000 ---p 00000000 00:00 0 
7fca05228000-7fca05325000 rw-p 00000000 00:00 0 
7fca05325000-7fca05329000 ---p 00000000 00:00 0 
7fca05329000-7fca05626000 rw-p 00000000 00:00 0 
7fca05626000-7fca0562a000 ---p 00000000 00:00 0 
7fca0562a000-7fca05927000 rw-p 00000000 00:00 0 
7fca05927000-7fca0592b000 ---p 00000000 00:00 0 
7fca0592b000-7fca05c28000 rw-p 00000000 00:00 0 
7fca05c28000-7fca05e28000 rw-p 00000000 00:00 0 
7fca05e28000-7fca06028000 rw-p 00000000 00:00 0 
7fca06028000-7fca06228000 rw-p 00000000 00:00 0 
7fca06228000-7fca06428000 rw-p 00000000 00:00 0 
7fca06428000-7fca06628000 rw-p 00000000 00:00 0 
7fca06628000-7fca0662c000 ---p 00000000 00:00 0 
7fca0662c000-7fca06729000 rw-p 00000000 00:00 0 
7fca06729000-7fca0672d000 ---p 00000000 00:00 0 
7fca0672d000-7fca0682a000 rw-p 00000000 00:00 0 
7fca06874000-7fca06878000 ---p 00000000 00:00 0 
7fca06878000-7fca06975000 rw-p 00000000 00:00 0 
7fca06975000-7fca06979000 ---p 00000000 00:00 0 
7fca06979000-7fca06c76000 rw-p 00000000 00:00 0 
7fca06c76000-7fca06c7a000 ---p 00000000 00:00 0 
7fca06c7a000-7fca06f77000 rw-p 00000000 00:00 0 
7fca06f77000-7fca07177000 rw-p 00000000 00:00 0 
7fca07177000-7fca07377000 rw-p 00000000 00:00 0 
7fca07377000-7fca0737b000 ---p 00000000 00:00 0 
7fca0737b000-7fca07678000 rw-p 00000000 00:00 0 
7fca07678000-7fca07878000 rw-p 00000000 00:00 0 
7fca07878000-7fca10000000 r--s 00000000 08:12 6687942                    /usr/lib/jvm/java-11-openjdk-amd64/lib/modules
7fca10000000-7fca10123000 rw-p 00000000 00:00 0 
7fca10123000-7fca14000000 ---p 00000000 00:00 0 
7fca14000000-7fca1425a000 rw-p 00000000 00:00 0 
7fca1425a000-7fca18000000 ---p 00000000 00:00 0 
7fca18000000-7fca1a394000 rw-p 00000000 00:00 0 
7fca1a394000-7fca1c000000 ---p 00000000 00:00 0 
7fca1c000000-7fca1c021000 rw-p 00000000 00:00 0 
7fca1c021000-7fca20000000 ---p 00000000 00:00 0 
7fca20000000-7fca2089c000 rw-p 00000000 00:00 0 
7fca2089c000-7fca24000000 ---p 00000000 00:00 0 
7fca24000000-7fca2412c000 rw-p 00000000 00:00 0 
7fca2412c000-7fca28000000 ---p 00000000 00:00 0 
7fca28000000-7fca28331000 rw-p 00000000 00:00 0 
7fca28331000-7fca2c000000 ---p 00000000 00:00 0 
7fca2c000000-7fca2c412000 rw-p 00000000 00:00 0 
7fca2c412000-7fca30000000 ---p 00000000 00:00 0 
7fca30000000-7fca30095000 rw-p 00000000 00:00 0 
7fca30095000-7fca34000000 ---p 00000000 00:00 0 
7fca34000000-7fca341a2000 rw-p 00000000 00:00 0 
7fca341a2000-7fca38000000 ---p 00000000 00:00 0 
7fca38000000-7fca38302000 rw-p 00000000 00:00 0 
7fca38302000-7fca3c000000 ---p 00000000 00:00 0 
7fca3c000000-7fca3db6e000 rw-p 00000000 00:00 0 
7fca3db6e000-7fca40000000 ---p 00000000 00:00 0 
7fca40000000-7fca401ed000 rw-p 00000000 00:00 0 
7fca401ed000-7fca44000000 ---p 00000000 00:00 0 
7fca44000000-7fca440e5000 rw-p 00000000 00:00 0 
7fca440e5000-7fca48000000 ---p 00000000 00:00 0 
7fca48000000-7fca48389000 rw-p 00000000 00:00 0 
7fca48389000-7fca4c000000 ---p 00000000 00:00 0 
7fca4c000000-7fca4c021000 rw-p 00000000 00:00 0 
7fca4c021000-7fca50000000 ---p 00000000 00:00 0 
7fca50000000-7fca50094000 rw-p 00000000 00:00 0 
7fca50094000-7fca54000000 ---p 00000000 00:00 0 
7fca54000000-7fca55547000 rw-p 00000000 00:00 0 
7fca55547000-7fca58000000 ---p 00000000 00:00 0 
7fca58000000-7fca5811a000 rw-p 00000000 00:00 0 
7fca5811a000-7fca5c000000 ---p 00000000 00:00 0 
7fca5c000000-7fca5ccf1000 rw-p 00000000 00:00 0 
7fca5ccf1000-7fca60000000 ---p 00000000 00:00 0 
7fca60000000-7fca638c2000 rw-p 00000000 00:00 0 
7fca638c2000-7fca64000000 ---p 00000000 00:00 0 
7fca64000000-7fca651ce000 rw-p 00000000 00:00 0 
7fca651ce000-7fca68000000 ---p 00000000 00:00 0 
7fca68000000-7fca680b8000 rw-p 00000000 00:00 0 
7fca680b8000-7fca6c000000 ---p 00000000 00:00 0 
7fca6c000000-7fca6c05d000 rw-p 00000000 00:00 0 
7fca6c05d000-7fca70000000 ---p 00000000 00:00 0 
7fca70000000-7fca7018d000 rw-p 00000000 00:00 0 
7fca7018d000-7fca74000000 ---p 00000000 00:00 0 
7fca74000000-7fca74021000 rw-p 00000000 00:00 0 
7fca74021000-7fca78000000 ---p 00000000 00:00 0 
7fca78000000-7fca781ef000 rw-p 00000000 00:00 0 
7fca781ef000-7fca7c000000 ---p 00000000 00:00 0 
7fca7c001000-7fca7c201000 rw-p 00000000 00:00 0 
7fca7c201000-7fca7c205000 ---p 00000000 00:00 0 
7fca7c205000-7fca7c502000 rw-p 00000000 00:00 0 
7fca7c502000-7fca7c702000 rw-p 00000000 00:00 0 
7fca7c702000-7fca7c706000 ---p 00000000 00:00 0 
7fca7c706000-7fca7c803000 rw-p 00000000 00:00 0 
7fca7c803000-7fca7c807000 ---p 00000000 00:00 0 
7fca7c807000-7fca7cb04000 rw-p 00000000 00:00 0 
7fca7cb04000-7fca7cd04000 rw-p 00000000 00:00 0 
7fca7cd04000-7fca7cf04000 rw-p 00000000 00:00 0 
7fca7cf04000-7fca7cf08000 ---p 00000000 00:00 0 
7fca7cf08000-7fca7d005000 rw-p 00000000 00:00 0 
7fca7d005000-7fca7d009000 ---p 00000000 00:00 0 
7fca7d009000-7fca7d306000 rw-p 00000000 00:00 0 
7fca7d306000-7fca7d30a000 ---p 00000000 00:00 0 
7fca7d30a000-7fca7d407000 rw-p 00000000 00:00 0 
7fca7d407000-7fca7d40b000 ---p 00000000 00:00 0 
7fca7d40b000-7fca7d708000 rw-p 00000000 00:00 0 
7fca7d708000-7fca7d70c000 ---p 00000000 00:00 0 
7fca7d70c000-7fca7da09000 rw-p 00000000 00:00 0 
7fca7da09000-7fca7da0d000 ---p 00000000 00:00 0 
7fca7da0d000-7fca7dd0a000 rw-p 00000000 00:00 0 
7fca7dd0a000-7fca7dd0e000 ---p 00000000 00:00 0 
7fca7dd0e000-7fca7de0b000 rw-p 00000000 00:00 0 
7fca7de0b000-7fca7de1b000 r-xp 00000000 08:12 5380048                    /home/abid/.config/Code/User/globalStorage/redhat.java/1.1.0/config_linux/org.eclipse.equinox.launcher/org.eclipse.equinox.launcher.gtk.linux.x86_64_1.2.400.v20211116-1129/eclipse_11600.so
7fca7de1b000-7fca7e01a000 ---p 00010000 08:12 5380048                    /home/abid/.config/Code/User/globalStorage/redhat.java/1.1.0/config_linux/org.eclipse.equinox.launcher/org.eclipse.equinox.launcher.gtk.linux.x86_64_1.2.400.v20211116-1129/eclipse_11600.so
7fca7e01a000-7fca7e01b000 r--p 0000f000 08:12 5380048                    /home/abid/.config/Code/User/globalStorage/redhat.java/1.1.0/config_linux/org.eclipse.equinox.launcher/org.eclipse.equinox.launcher.gtk.linux.x86_64_1.2.400.v20211116-1129/eclipse_11600.so
7fca7e01b000-7fca7e01c000 rw-p 00010000 08:12 5380048                    /home/abid/.config/Code/User/globalStorage/redhat.java/1.1.0/config_linux/org.eclipse.equinox.launcher/org.eclipse.equinox.launcher.gtk.linux.x86_64_1.2.400.v20211116-1129/eclipse_11600.so
7fca7e01c000-7fca7e020000 ---p 00000000 00:00 0 
7fca7e020000-7fca7e11d000 rw-p 00000000 00:00 0 
7fca7e11d000-7fca7e11e000 ---p 00000000 00:00 0 
7fca7e11e000-7fca7e21f000 rw-p 00000000 00:00 0 
7fca7e21f000-7fca7e220000 ---p 00000000 00:00 0 
7fca7e220000-7fca7e321000 rw-p 00000000 00:00 0 
7fca7e321000-7fca7e322000 ---p 00000000 00:00 0 
7fca7e322000-7fca7e423000 rw-p 00000000 00:00 0 
7fca7e423000-7fca7e427000 ---p 00000000 00:00 0 
7fca7e427000-7fca7e524000 rw-p 00000000 00:00 0 
7fca7e524000-7fca7e528000 ---p 00000000 00:00 0 
7fca7e528000-7fca7e625000 rw-p 00000000 00:00 0 
7fca7e625000-7fca7e626000 ---p 00000000 00:00 0 
7fca7e626000-7fca7e727000 rw-p 00000000 00:00 0 
7fca7e727000-7fca7e72b000 ---p 00000000 00:00 0 
7fca7e72b000-7fca7e828000 rw-p 00000000 00:00 0 
7fca7e828000-7fca7e82c000 ---p 00000000 00:00 0 
7fca7e82c000-7fca7e929000 rw-p 00000000 00:00 0 
7fca7e929000-7fca7e92d000 ---p 00000000 00:00 0 
7fca7e92d000-7fca7ea2a000 rw-p 00000000 00:00 0 
7fca7ea2a000-7fca7ea2e000 ---p 00000000 00:00 0 
7fca7ea2e000-7fca7eb2b000 rw-p 00000000 00:00 0 
7fca7eb2b000-7fca7eb2f000 ---p 00000000 00:00 0 
7fca7eb2f000-7fca7ec2c000 rw-p 00000000 00:00 0 
7fca7ec2c000-7fca7ec30000 ---p 00000000 00:00 0 
7fca7ec30000-7fca7ed2d000 rw-p 00000000 00:00 0 
7fca7ed2d000-7fca7f2f2000 r--p 00000000 08:12 6558879                    /usr/lib/locale/locale-archive
7fca7f2f2000-7fca7f2f6000 ---p 00000000 00:00 0 
7fca7f2f6000-7fca7f3f3000 rw-p 00000000 00:00 0 
7fca7f3f3000-7fca7f3f7000 ---p 00000000 00:00 0 
7fca7f3f7000-7fca7f4f4000 rw-p 00000000 00:00 0 
7fca7f4f4000-7fca7f4f5000 ---p 00000000 00:00 0 
7fca7f4f5000-7fca80000000 rw-p 00000000 00:00 0 
7fca80000000-7fca800de000 rw-p 00000000 00:00 0 
7fca800de000-7fca84000000 ---p 00000000 00:00 0 
7fca84027000-7fca8402b000 r--p 00000000 08:12 6555803                    /usr/lib/x86_64-linux-gnu/libresolv-2.31.so
7fca8402b000-7fca8403b000 r-xp 00004000 08:12 6555803                    /usr/lib/x86_64-linux-gnu/libresolv-2.31.so
7fca8403b000-7fca8403e000 r--p 00014000 08:12 6555803                    /usr/lib/x86_64-linux-gnu/libresolv-2.31.so
7fca8403e000-7fca8403f000 ---p 00017000 08:12 6555803                    /usr/lib/x86_64-linux-gnu/libresolv-2.31.so
7fca8403f000-7fca84040000 r--p 00017000 08:12 6555803                    /usr/lib/x86_64-linux-gnu/libresolv-2.31.so
7fca84040000-7fca84041000 rw-p 00018000 08:12 6555803                    /usr/lib/x86_64-linux-gnu/libresolv-2.31.so
7fca84041000-7fca84043000 rw-p 00000000 00:00 0 
7fca84056000-7fca8405a000 ---p 00000000 00:00 0 
7fca8405a000-7fca84878000 rw-p 00000000 00:00 0 
7fca84878000-7fca84ae8000 rwxp 00000000 00:00 0 
7fca84ae8000-7fca84e08000 ---p 00000000 00:00 0 
7fca84e08000-7fca87298000 rwxp 00000000 00:00 0 
7fca87298000-7fca8c340000 ---p 00000000 00:00 0 
7fca8c340000-7fca8d2f0000 rwxp 00000000 00:00 0 
7fca8d2f0000-7fca93878000 ---p 00000000 00:00 0 
7fca93878000-7fca9c000000 r--s 00000000 08:12 6687942                    /usr/lib/jvm/java-11-openjdk-amd64/lib/modules
7fca9c000000-7fca9c755000 rw-p 00000000 00:00 0 
7fca9c755000-7fcaa0000000 ---p 00000000 00:00 0 
7fcaa0001000-7fcaa0003000 r--p 00000000 08:12 6555792                    /usr/lib/x86_64-linux-gnu/libnss_dns-2.31.so
7fcaa0003000-7fcaa0007000 r-xp 00002000 08:12 6555792                    /usr/lib/x86_64-linux-gnu/libnss_dns-2.31.so
7fcaa0007000-7fcaa0008000 r--p 00006000 08:12 6555792                    /usr/lib/x86_64-linux-gnu/libnss_dns-2.31.so
7fcaa0008000-7fcaa0009000 r--p 00006000 08:12 6555792                    /usr/lib/x86_64-linux-gnu/libnss_dns-2.31.so
7fcaa0009000-7fcaa000a000 rw-p 00007000 08:12 6555792                    /usr/lib/x86_64-linux-gnu/libnss_dns-2.31.so
7fcaa000a000-7fcaa000b000 r--p 00000000 08:12 6561758                    /usr/lib/x86_64-linux-gnu/libnss_mdns4_minimal.so.2
7fcaa000b000-7fcaa000d000 r-xp 00001000 08:12 6561758                    /usr/lib/x86_64-linux-gnu/libnss_mdns4_minimal.so.2
7fcaa000d000-7fcaa000e000 r--p 00003000 08:12 6561758                    /usr/lib/x86_64-linux-gnu/libnss_mdns4_minimal.so.2
7fcaa000e000-7fcaa000f000 r--p 00003000 08:12 6561758                    /usr/lib/x86_64-linux-gnu/libnss_mdns4_minimal.so.2
7fcaa000f000-7fcaa0010000 rw-p 00004000 08:12 6561758                    /usr/lib/x86_64-linux-gnu/libnss_mdns4_minimal.so.2
7fcaa0010000-7fcaa0011000 r--p 00000000 08:12 6687914                    /usr/lib/jvm/java-11-openjdk-amd64/lib/libextnet.so
7fcaa0011000-7fcaa0012000 r-xp 00001000 08:12 6687914                    /usr/lib/jvm/java-11-openjdk-amd64/lib/libextnet.so
7fcaa0012000-7fcaa0013000 r--p 00002000 08:12 6687914                    /usr/lib/jvm/java-11-openjdk-amd64/lib/libextnet.so
7fcaa0013000-7fcaa0014000 r--p 00002000 08:12 6687914                    /usr/lib/jvm/java-11-openjdk-amd64/lib/libextnet.so
7fcaa0014000-7fcaa0015000 rw-p 00003000 08:12 6687914                    /usr/lib/jvm/java-11-openjdk-amd64/lib/libextnet.so
7fcaa0015000-7fcaa001d000 r--p 00000000 08:12 6687938                    /usr/lib/jvm/java-11-openjdk-amd64/lib/libsunec.so
7fcaa001d000-7fcaa0036000 r-xp 00008000 08:12 6687938                    /usr/lib/jvm/java-11-openjdk-amd64/lib/libsunec.so
7fcaa0036000-7fcaa0040000 r--p 00021000 08:12 6687938                    /usr/lib/jvm/java-11-openjdk-amd64/lib/libsunec.so
7fcaa0040000-7fcaa0041000 ---p 0002b000 08:12 6687938                    /usr/lib/jvm/java-11-openjdk-amd64/lib/libsunec.so
7fcaa0041000-7fcaa0045000 r--p 0002b000 08:12 6687938                    /usr/lib/jvm/java-11-openjdk-amd64/lib/libsunec.so
7fcaa0045000-7fcaa0047000 rw-p 0002f000 08:12 6687938                    /usr/lib/jvm/java-11-openjdk-amd64/lib/libsunec.so
7fcaa0047000-7fcaa004b000 r--p 00000000 08:12 6687932                    /usr/lib/jvm/java-11-openjdk-amd64/lib/libnet.so
7fcaa004b000-7fcaa005a000 r-xp 00004000 08:12 6687932                    /usr/lib/jvm/java-11-openjdk-amd64/lib/libnet.so
7fcaa005a000-7fcaa005e000 r--p 00013000 08:12 6687932                    /usr/lib/jvm/java-11-openjdk-amd64/lib/libnet.so
7fcaa005e000-7fcaa005f000 r--p 00016000 08:12 6687932                    /usr/lib/jvm/java-11-openjdk-amd64/lib/libnet.so
7fcaa005f000-7fcaa0060000 rw-p 00017000 08:12 6687932                    /usr/lib/jvm/java-11-openjdk-amd64/lib/libnet.so
7fcaa0060000-7fcaa0067000 r--p 00000000 08:12 6687933                    /usr/lib/jvm/java-11-openjdk-amd64/lib/libnio.so
7fcaa0067000-7fcaa006f000 r-xp 00007000 08:12 6687933                    /usr/lib/jvm/java-11-openjdk-amd64/lib/libnio.so
7fcaa006f000-7fcaa0072000 r--p 0000f000 08:12 6687933                    /usr/lib/jvm/java-11-openjdk-amd64/lib/libnio.so
7fcaa0072000-7fcaa0073000 r--p 00011000 08:12 6687933                    /usr/lib/jvm/java-11-openjdk-amd64/lib/libnio.so
7fcaa0073000-7fcaa0074000 rw-p 00012000 08:12 6687933                    /usr/lib/jvm/java-11-openjdk-amd64/lib/libnio.so
7fcaa0074000-7fcaa2869000 rw-p 00000000 00:00 0 
7fcaa2869000-7fcaa286a000 ---p 00000000 00:00 0 
7fcaa286a000-7fcaa29ba000 rw-p 00000000 00:00 0 
7fcaa29ba000-7fcaa2ac1000 ---p 00000000 00:00 0 
7fcaa2ac1000-7fcaa2b10000 rw-p 00000000 00:00 0 
7fcaa2b10000-7fcaa2c16000 ---p 00000000 00:00 0 
7fcaa2c16000-7fcaa2c1a000 rw-p 00000000 00:00 0 
7fcaa2c1a000-7fcaa2cc1000 ---p 00000000 00:00 0 
7fcaa2cc1000-7fcaa2ce2000 rw-p 00000000 00:00 0 
7fcaa2ce2000-7fcaa2dad000 ---p 00000000 00:00 0 
7fcaa2dad000-7fcaa2df7000 rw-p 00000000 00:00 0 
7fcaa2df7000-7fcaa2e98000 ---p 00000000 00:00 0 
7fcaa2e98000-7fcaa2e9d000 rw-p 00000000 00:00 0 
7fcaa2e9d000-7fcaa2ea4000 ---p 00000000 00:00 0 
7fcaa2ea4000-7fcaa2ea6000 r--s 0000c000 08:12 393447                     /usr/share/java/java-atk-wrapper.jar
7fcaa2ea6000-7fcaa2ea9000 r--p 00000000 08:12 6555793                    /usr/lib/x86_64-linux-gnu/libnss_files-2.31.so
7fcaa2ea9000-7fcaa2eb0000 r-xp 00003000 08:12 6555793                    /usr/lib/x86_64-linux-gnu/libnss_files-2.31.so
7fcaa2eb0000-7fcaa2eb2000 r--p 0000a000 08:12 6555793                    /usr/lib/x86_64-linux-gnu/libnss_files-2.31.so
7fcaa2eb2000-7fcaa2eb3000 r--p 0000b000 08:12 6555793                    /usr/lib/x86_64-linux-gnu/libnss_files-2.31.so
7fcaa2eb3000-7fcaa2eb4000 rw-p 0000c000 08:12 6555793                    /usr/lib/x86_64-linux-gnu/libnss_files-2.31.so
7fcaa2eb4000-7fcaa2eba000 rw-p 00000000 00:00 0 
7fcaa2ebb000-7fcaa2ebd000 r--p 00000000 08:12 6687941                    /usr/lib/jvm/java-11-openjdk-amd64/lib/libzip.so
7fcaa2ebd000-7fcaa2ec1000 r-xp 00002000 08:12 6687941                    /usr/lib/jvm/java-11-openjdk-amd64/lib/libzip.so
7fcaa2ec1000-7fcaa2ec3000 r--p 00006000 08:12 6687941                    /usr/lib/jvm/java-11-openjdk-amd64/lib/libzip.so
7fcaa2ec3000-7fcaa2ec4000 r--p 00007000 08:12 6687941                    /usr/lib/jvm/java-11-openjdk-amd64/lib/libzip.so
7fcaa2ec4000-7fcaa2ec5000 rw-p 00008000 08:12 6687941                    /usr/lib/jvm/java-11-openjdk-amd64/lib/libzip.so
7fcaa2ec5000-7fcaa2ecd000 rw-s 00000000 08:12 6034932                    /tmp/hsperfdata_abid/49450
7fcaa2ecd000-7fcaa2ece000 ---p 00000000 00:00 0 
7fcaa2ece000-7fcaa2ecf000 r--p 00000000 00:00 0 
7fcaa2ecf000-7fcaa2ed1000 r--p 00000000 08:12 6687924                    /usr/lib/jvm/java-11-openjdk-amd64/lib/libjimage.so
7fcaa2ed1000-7fcaa2ed4000 r-xp 00002000 08:12 6687924                    /usr/lib/jvm/java-11-openjdk-amd64/lib/libjimage.so
7fcaa2ed4000-7fcaa2ed5000 r--p 00005000 08:12 6687924                    /usr/lib/jvm/java-11-openjdk-amd64/lib/libjimage.so
7fcaa2ed5000-7fcaa2ed6000 ---p 00006000 08:12 6687924                    /usr/lib/jvm/java-11-openjdk-amd64/lib/libjimage.so
7fcaa2ed6000-7fcaa2ed7000 r--p 00006000 08:12 6687924                    /usr/lib/jvm/java-11-openjdk-amd64/lib/libjimage.so
7fcaa2ed7000-7fcaa2ed8000 rw-p 00007000 08:12 6687924                    /usr/lib/jvm/java-11-openjdk-amd64/lib/libjimage.so
7fcaa2ed8000-7fcaa2ee6000 r--p 00000000 08:12 6687921                    /usr/lib/jvm/java-11-openjdk-amd64/lib/libjava.so
7fcaa2ee6000-7fcaa2efc000 r-xp 0000e000 08:12 6687921                    /usr/lib/jvm/java-11-openjdk-amd64/lib/libjava.so
7fcaa2efc000-7fcaa2f03000 r--p 00024000 08:12 6687921                    /usr/lib/jvm/java-11-openjdk-amd64/lib/libjava.so
7fcaa2f03000-7fcaa2f04000 r--p 0002a000 08:12 6687921                    /usr/lib/jvm/java-11-openjdk-amd64/lib/libjava.so
7fcaa2f04000-7fcaa2f05000 rw-p 0002b000 08:12 6687921                    /usr/lib/jvm/java-11-openjdk-amd64/lib/libjava.so
7fcaa2f05000-7fcaa2f06000 rw-p 00000000 00:00 0 
7fcaa2f06000-7fcaa2f09000 r--p 00000000 08:12 6555804                    /usr/lib/x86_64-linux-gnu/librt-2.31.so
7fcaa2f09000-7fcaa2f0d000 r-xp 00003000 08:12 6555804                    /usr/lib/x86_64-linux-gnu/librt-2.31.so
7fcaa2f0d000-7fcaa2f0e000 r--p 00007000 08:12 6555804                    /usr/lib/x86_64-linux-gnu/librt-2.31.so
7fcaa2f0e000-7fcaa2f0f000 ---p 00008000 08:12 6555804                    /usr/lib/x86_64-linux-gnu/librt-2.31.so
7fcaa2f0f000-7fcaa2f10000 r--p 00008000 08:12 6555804                    /usr/lib/x86_64-linux-gnu/librt-2.31.so
7fcaa2f10000-7fcaa2f11000 rw-p 00009000 08:12 6555804                    /usr/lib/x86_64-linux-gnu/librt-2.31.so
7fcaa2f11000-7fcaa2f15000 ---p 00000000 00:00 0 
7fcaa2f15000-7fcaa3012000 rw-p 00000000 00:00 0 
7fcaa3012000-7fcaa3015000 r--p 00000000 08:12 6555776                    /usr/lib/x86_64-linux-gnu/libgcc_s.so.1
7fcaa3015000-7fcaa3027000 r-xp 00003000 08:12 6555776                    /usr/lib/x86_64-linux-gnu/libgcc_s.so.1
7fcaa3027000-7fcaa302b000 r--p 00015000 08:12 6555776                    /usr/lib/x86_64-linux-gnu/libgcc_s.so.1
7fcaa302b000-7fcaa302c000 r--p 00018000 08:12 6555776                    /usr/lib/x86_64-linux-gnu/libgcc_s.so.1
7fcaa302c000-7fcaa302d000 rw-p 00019000 08:12 6555776                    /usr/lib/x86_64-linux-gnu/libgcc_s.so.1
7fcaa302d000-7fcaa303c000 r--p 00000000 08:12 6555787                    /usr/lib/x86_64-linux-gnu/libm-2.31.so
7fcaa303c000-7fcaa30e3000 r-xp 0000f000 08:12 6555787                    /usr/lib/x86_64-linux-gnu/libm-2.31.so
7fcaa30e3000-7fcaa317a000 r--p 000b6000 08:12 6555787                    /usr/lib/x86_64-linux-gnu/libm-2.31.so
7fcaa317a000-7fcaa317b000 r--p 0014c000 08:12 6555787                    /usr/lib/x86_64-linux-gnu/libm-2.31.so
7fcaa317b000-7fcaa317c000 rw-p 0014d000 08:12 6555787                    /usr/lib/x86_64-linux-gnu/libm-2.31.so
7fcaa317c000-7fcaa3212000 r--p 00000000 08:12 6555779                    /usr/lib/x86_64-linux-gnu/libstdc++.so.6.0.28
7fcaa3212000-7fcaa3303000 r-xp 00096000 08:12 6555779                    /usr/lib/x86_64-linux-gnu/libstdc++.so.6.0.28
7fcaa3303000-7fcaa334c000 r--p 00187000 08:12 6555779                    /usr/lib/x86_64-linux-gnu/libstdc++.so.6.0.28
7fcaa334c000-7fcaa334d000 ---p 001d0000 08:12 6555779                    /usr/lib/x86_64-linux-gnu/libstdc++.so.6.0.28
7fcaa334d000-7fcaa3358000 r--p 001d0000 08:12 6555779                    /usr/lib/x86_64-linux-gnu/libstdc++.so.6.0.28
7fcaa3358000-7fcaa335b000 rw-p 001db000 08:12 6555779                    /usr/lib/x86_64-linux-gnu/libstdc++.so.6.0.28
7fcaa335b000-7fcaa335e000 rw-p 00000000 00:00 0 
7fcaa335e000-7fcaa35d8000 r--p 00000000 08:12 6687947                    /usr/lib/jvm/java-11-openjdk-amd64/lib/server/libjvm.so
7fcaa35d8000-7fcaa425d000 r-xp 0027a000 08:12 6687947                    /usr/lib/jvm/java-11-openjdk-amd64/lib/server/libjvm.so
7fcaa425d000-7fcaa44b4000 r--p 00eff000 08:12 6687947                    /usr/lib/jvm/java-11-openjdk-amd64/lib/server/libjvm.so
7fcaa44b4000-7fcaa4575000 r--p 01155000 08:12 6687947                    /usr/lib/jvm/java-11-openjdk-amd64/lib/server/libjvm.so
7fcaa4575000-7fcaa45b0000 rw-p 01216000 08:12 6687947                    /usr/lib/jvm/java-11-openjdk-amd64/lib/server/libjvm.so
7fcaa45b0000-7fcaa4609000 rw-p 00000000 00:00 0 
7fcaa4609000-7fcaa4610000 r--p 00000000 08:12 6555802                    /usr/lib/x86_64-linux-gnu/libpthread-2.31.so
7fcaa4610000-7fcaa4621000 r-xp 00007000 08:12 6555802                    /usr/lib/x86_64-linux-gnu/libpthread-2.31.so
7fcaa4621000-7fcaa4626000 r--p 00018000 08:12 6555802                    /usr/lib/x86_64-linux-gnu/libpthread-2.31.so
7fcaa4626000-7fcaa4627000 r--p 0001c000 08:12 6555802                    /usr/lib/x86_64-linux-gnu/libpthread-2.31.so
7fcaa4627000-7fcaa4628000 rw-p 0001d000 08:12 6555802                    /usr/lib/x86_64-linux-gnu/libpthread-2.31.so
7fcaa4628000-7fcaa462c000 rw-p 00000000 00:00 0 
7fcaa462c000-7fcaa462d000 r--p 00000000 08:12 6555786                    /usr/lib/x86_64-linux-gnu/libdl-2.31.so
7fcaa462d000-7fcaa462f000 r-xp 00001000 08:12 6555786                    /usr/lib/x86_64-linux-gnu/libdl-2.31.so
7fcaa462f000-7fcaa4630000 r--p 00003000 08:12 6555786                    /usr/lib/x86_64-linux-gnu/libdl-2.31.so
7fcaa4630000-7fcaa4631000 r--p 00003000 08:12 6555786                    /usr/lib/x86_64-linux-gnu/libdl-2.31.so
7fcaa4631000-7fcaa4632000 rw-p 00004000 08:12 6555786                    /usr/lib/x86_64-linux-gnu/libdl-2.31.so
7fcaa4632000-7fcaa4634000 r--p 00000000 08:12 6553794                    /usr/lib/x86_64-linux-gnu/libz.so.1.2.11
7fcaa4634000-7fcaa4645000 r-xp 00002000 08:12 6553794                    /usr/lib/x86_64-linux-gnu/libz.so.1.2.11
7fcaa4645000-7fcaa464b000 r--p 00013000 08:12 6553794                    /usr/lib/x86_64-linux-gnu/libz.so.1.2.11
7fcaa464b000-7fcaa464c000 ---p 00019000 08:12 6553794                    /usr/lib/x86_64-linux-gnu/libz.so.1.2.11
7fcaa464c000-7fcaa464d000 r--p 00019000 08:12 6553794                    /usr/lib/x86_64-linux-gnu/libz.so.1.2.11
7fcaa464d000-7fcaa464e000 rw-p 0001a000 08:12 6553794                    /usr/lib/x86_64-linux-gnu/libz.so.1.2.11
7fcaa464e000-7fcaa4673000 r--p 00000000 08:12 6555785                    /usr/lib/x86_64-linux-gnu/libc-2.31.so
7fcaa4673000-7fcaa47eb000 r-xp 00025000 08:12 6555785                    /usr/lib/x86_64-linux-gnu/libc-2.31.so
7fcaa47eb000-7fcaa4835000 r--p 0019d000 08:12 6555785                    /usr/lib/x86_64-linux-gnu/libc-2.31.so
7fcaa4835000-7fcaa4836000 ---p 001e7000 08:12 6555785                    /usr/lib/x86_64-linux-gnu/libc-2.31.so
7fcaa4836000-7fcaa4839000 r--p 001e7000 08:12 6555785                    /usr/lib/x86_64-linux-gnu/libc-2.31.so
7fcaa4839000-7fcaa483c000 rw-p 001ea000 08:12 6555785                    /usr/lib/x86_64-linux-gnu/libc-2.31.so
7fcaa483c000-7fcaa4840000 rw-p 00000000 00:00 0 
7fcaa4841000-7fcaa4846000 r--p 00000000 08:12 6687940                    /usr/lib/jvm/java-11-openjdk-amd64/lib/libverify.so
7fcaa4846000-7fcaa484d000 r-xp 00005000 08:12 6687940                    /usr/lib/jvm/java-11-openjdk-amd64/lib/libverify.so
7fcaa484d000-7fcaa484f000 r--p 0000c000 08:12 6687940                    /usr/lib/jvm/java-11-openjdk-amd64/lib/libverify.so
7fcaa484f000-7fcaa4850000 ---p 0000e000 08:12 6687940                    /usr/lib/jvm/java-11-openjdk-amd64/lib/libverify.so
7fcaa4850000-7fcaa4852000 r--p 0000e000 08:12 6687940                    /usr/lib/jvm/java-11-openjdk-amd64/lib/libverify.so
7fcaa4852000-7fcaa4853000 rw-p 00010000 08:12 6687940                    /usr/lib/jvm/java-11-openjdk-amd64/lib/libverify.so
7fcaa4853000-7fcaa4856000 r--p 00000000 08:12 6687906                    /usr/lib/jvm/java-11-openjdk-amd64/lib/jli/libjli.so
7fcaa4856000-7fcaa4860000 r-xp 00003000 08:12 6687906                    /usr/lib/jvm/java-11-openjdk-amd64/lib/jli/libjli.so
7fcaa4860000-7fcaa4863000 r--p 0000d000 08:12 6687906                    /usr/lib/jvm/java-11-openjdk-amd64/lib/jli/libjli.so
7fcaa4863000-7fcaa4864000 ---p 00010000 08:12 6687906                    /usr/lib/jvm/java-11-openjdk-amd64/lib/jli/libjli.so
7fcaa4864000-7fcaa4865000 r--p 00010000 08:12 6687906                    /usr/lib/jvm/java-11-openjdk-amd64/lib/jli/libjli.so
7fcaa4865000-7fcaa4866000 rw-p 00011000 08:12 6687906                    /usr/lib/jvm/java-11-openjdk-amd64/lib/jli/libjli.so
7fcaa4866000-7fcaa4868000 rw-p 00000000 00:00 0 
7fcaa4868000-7fcaa4869000 r--p 00000000 08:12 6555781                    /usr/lib/x86_64-linux-gnu/ld-2.31.so
7fcaa4869000-7fcaa488c000 r-xp 00001000 08:12 6555781                    /usr/lib/x86_64-linux-gnu/ld-2.31.so
7fcaa488c000-7fcaa4894000 r--p 00024000 08:12 6555781                    /usr/lib/x86_64-linux-gnu/ld-2.31.so
7fcaa4895000-7fcaa4896000 r--p 0002c000 08:12 6555781                    /usr/lib/x86_64-linux-gnu/ld-2.31.so
7fcaa4896000-7fcaa4897000 rw-p 0002d000 08:12 6555781                    /usr/lib/x86_64-linux-gnu/ld-2.31.so
7fcaa4897000-7fcaa4898000 rw-p 00000000 00:00 0 
7ffc007bf000-7ffc007e1000 rw-p 00000000 00:00 0                          [stack]
7ffc007f7000-7ffc007fb000 r--p 00000000 00:00 0                          [vvar]
7ffc007fb000-7ffc007fd000 r-xp 00000000 00:00 0                          [vdso]
ffffffffff600000-ffffffffff601000 --xp 00000000 00:00 0                  [vsyscall]


VM Arguments:
jvm_args: --add-modules=ALL-SYSTEM --add-opens=java.base/java.util=ALL-UNNAMED --add-opens=java.base/java.lang=ALL-UNNAMED -Declipse.application=org.eclipse.jdt.ls.core.id1 -Dosgi.bundles.defaultStartLevel=4 -Declipse.product=org.eclipse.jdt.ls.core.product -Djava.import.generatesMetadataFilesAtProjectRoot=false -Dfile.encoding=utf8 -XX:+UseParallelGC -XX:GCTimeRatio=4 -XX:AdaptiveSizePolicyWeight=90 -Dsun.zip.disableMemoryMapping=true -Xmx1G -Xms100m -XX:+HeapDumpOnOutOfMemoryError -XX:HeapDumpPath=/home/abid/.config/Code/User/workspaceStorage/dc484a0abfeb238e5c238edfc8785ce5/redhat.java -Xverify:none 
java_command: /home/abid/.vscode/extensions/redhat.java-1.1.0/server/plugins/org.eclipse.equinox.launcher_1.6.400.v20210924-0641.jar -configuration /home/abid/.config/Code/User/globalStorage/redhat.java/1.1.0/config_linux -data /home/abid/.config/Code/User/workspaceStorage/dc484a0abfeb238e5c238edfc8785ce5/redhat.java/jdt_ws
java_class_path (initial): /home/abid/.vscode/extensions/redhat.java-1.1.0/server/plugins/org.eclipse.equinox.launcher_1.6.400.v20210924-0641.jar
Launcher Type: SUN_STANDARD

[Global flags]
    uintx AdaptiveSizePolicyWeight                 = 90                                        {product} {command line}
     bool BytecodeVerificationLocal                = false                                     {product} {command line}
     bool BytecodeVerificationRemote               = false                                     {product} {command line}
     intx CICompilerCount                          = 3                                         {product} {ergonomic}
    uintx GCTimeRatio                              = 4                                         {product} {command line}
     bool HeapDumpOnOutOfMemoryError               = true                                   {manageable} {command line}
    ccstr HeapDumpPath                             = /home/abid/.config/Code/User/workspaceStorage/dc484a0abfeb238e5c238edfc8785ce5/redhat.java         {manageable} {command line}
   size_t InitialHeapSize                          = 104857600                                 {product} {command line}
   size_t MaxHeapSize                              = 1073741824                                {product} {command line}
   size_t MaxNewSize                               = 357564416                                 {product} {ergonomic}
   size_t MinHeapDeltaBytes                        = 524288                                    {product} {ergonomic}
   size_t NewSize                                  = 34603008                                  {product} {ergonomic}
    uintx NonNMethodCodeHeapSize                   = 5830732                                {pd product} {ergonomic}
    uintx NonProfiledCodeHeapSize                  = 122913754                              {pd product} {ergonomic}
   size_t OldSize                                  = 70254592                                  {product} {ergonomic}
    uintx ProfiledCodeHeapSize                     = 122913754                              {pd product} {ergonomic}
    uintx ReservedCodeCacheSize                    = 251658240                              {pd product} {ergonomic}
     bool SegmentedCodeCache                       = true                                      {product} {ergonomic}
     bool UseCompressedClassPointers               = true                                 {lp64_product} {ergonomic}
     bool UseCompressedOops                        = true                                 {lp64_product} {ergonomic}
     bool UseParallelGC                            = true                                      {product} {command line}

Logging:
Log output configuration:
 #0: stdout all=warning uptime,level,tags
 #1: stderr all=off uptime,level,tags

Environment Variables:
JAVA_HOME=/usr/lib/jvm/java-17-openjdk-amd64
PATH=/home/abid/.local/bin:/home/abid/.local/bin:/usr/local/sbin:/usr/local/bin:/usr/sbin:/usr/bin:/sbin:/bin:/usr/games:/usr/local/games:/snap/bin
USERNAME=abid
SHELL=/bin/bash
DISPLAY=:0
LANG=en_US.UTF-8

Signal Handlers:
SIGSEGV: [libjvm.so+0xe8ba00], sa_mask[0]=11111111011111111101111111111110, sa_flags=SA_RESTART|SA_SIGINFO
SIGBUS: [libjvm.so+0xe8ba00], sa_mask[0]=11111111011111111101111111111110, sa_flags=SA_RESTART|SA_SIGINFO
SIGFPE: [libjvm.so+0xe8ba00], sa_mask[0]=11111111011111111101111111111110, sa_flags=SA_RESTART|SA_SIGINFO
SIGPIPE: [libjvm.so+0xbd10f0], sa_mask[0]=11111111011111111101111111111110, sa_flags=SA_RESTART|SA_SIGINFO
SIGXFSZ: [libjvm.so+0xbd10f0], sa_mask[0]=11111111011111111101111111111110, sa_flags=SA_RESTART|SA_SIGINFO
SIGILL: [libjvm.so+0xe8ba00], sa_mask[0]=11111111011111111101111111111110, sa_flags=SA_RESTART|SA_SIGINFO
SIGUSR2: [libjvm.so+0xbd0f90], sa_mask[0]=00000000000000000000000000000000, sa_flags=SA_RESTART|SA_SIGINFO
SIGHUP: [libjvm.so+0xbd1430], sa_mask[0]=11111111011111111101111111111110, sa_flags=SA_RESTART|SA_SIGINFO
SIGINT: [libjvm.so+0xbd1430], sa_mask[0]=11111111011111111101111111111110, sa_flags=SA_RESTART|SA_SIGINFO
SIGTERM: [libjvm.so+0xbd1430], sa_mask[0]=11111111011111111101111111111110, sa_flags=SA_RESTART|SA_SIGINFO
SIGQUIT: [libjvm.so+0xbd1430], sa_mask[0]=11111111011111111101111111111110, sa_flags=SA_RESTART|SA_SIGINFO


---------------  S Y S T E M  ---------------

OS:DISTRIB_ID=Ubuntu
DISTRIB_RELEASE=20.04
DISTRIB_CODENAME=focal
DISTRIB_DESCRIPTION="Ubuntu 20.04.3 LTS"
uname:Linux 5.11.0-41-generic #45~20.04.1-Ubuntu SMP Wed Nov 10 10:20:10 UTC 2021 x86_64
OS uptime: 0 days 8:34 hours
libc:glibc 2.31 NPTL 2.31 
rlimit (soft/hard): STACK 8192k/infinity , CORE 0k/infinity , NPROC 31215/31215 , NOFILE 1048576/1048576 , AS infinity/infinity , CPU infinity/infinity , DATA infinity/infinity , FSIZE infinity/infinity , MEMLOCK 65536k/65536k
load average:1.11 1.24 1.35

/proc/meminfo:
MemTotal:        8056772 kB
MemFree:         1452932 kB
MemAvailable:    3491520 kB
Buffers:          214120 kB
Cached:          2397572 kB
SwapCached:         2728 kB
Active:          1698532 kB
Inactive:        4452072 kB
Active(anon):     314356 kB
Inactive(anon):  3647808 kB
Active(file):    1384176 kB
Inactive(file):   804264 kB
Unevictable:       32004 kB
Mlocked:              48 kB
SwapTotal:       2097148 kB
SwapFree:        1650940 kB
Dirty:              3628 kB
Writeback:             0 kB
AnonPages:       3568152 kB
Mapped:          1087584 kB
Shmem:            424260 kB
KReclaimable:     142720 kB
Slab:             269716 kB
SReclaimable:     142720 kB
SUnreclaim:       126996 kB
KernelStack:       17712 kB
PageTables:        73072 kB
NFS_Unstable:          0 kB
Bounce:                0 kB
WritebackTmp:          0 kB
CommitLimit:     6125532 kB
Committed_AS:   16036180 kB
VmallocTotal:   34359738367 kB
VmallocUsed:       35944 kB
VmallocChunk:          0 kB
Percpu:             3888 kB
HardwareCorrupted:     0 kB
AnonHugePages:         0 kB
ShmemHugePages:        0 kB
ShmemPmdMapped:        0 kB
FileHugePages:         0 kB
FilePmdMapped:         0 kB
HugePages_Total:       0
HugePages_Free:        0
HugePages_Rsvd:        0
HugePages_Surp:        0
Hugepagesize:       2048 kB
Hugetlb:               0 kB
DirectMap4k:      362320 kB
DirectMap2M:     7938048 kB
DirectMap1G:           0 kB

/sys/kernel/mm/transparent_hugepage/enabled:
always [madvise] never
/sys/kernel/mm/transparent_hugepage/defrag (defrag/compaction efforts parameter):
always defer defer+madvise [madvise] never

Process Memory:
Virtual Size: 4882504K (peak: 12135148K)
Resident Set Size: 553752K (peak: 576944K) (anon: 469080K, file: 84672K, shmem: 0K)
Swapped out: 0K
C-Heap outstanding allocations: 37088K

/proc/sys/kernel/threads-max (system-wide limit on the number of threads):
62431
/proc/sys/vm/max_map_count (maximum number of memory map areas a process may have):
65530
/proc/sys/kernel/pid_max (system-wide limit on number of process identifiers):
4194304

container (cgroup) information:
container_type: cgroupv1
cpu_cpuset_cpus: 0-3
cpu_memory_nodes: 0
active_processor_count: 4
cpu_quota: -1
cpu_period: 100000
cpu_shares: -1
memory_limit_in_bytes: -1
memory_and_swap_limit_in_bytes: -1
memory_soft_limit_in_bytes: -1
memory_usage_in_bytes: 5293842432
memory_max_usage_in_bytes: 6659211264

Steal ticks since vm start: 0
Steal ticks percentage since vm start:  0.000

CPU:total 4 (initial active 4) (2 cores per cpu, 2 threads per core) family 6 model 158 stepping 9 microcode 0xea, cmov, cx8, fxsr, mmx, sse, sse2, sse3, ssse3, sse4.1, sse4.2, popcnt, aes, clmul, erms, 3dnowpref, lzcnt, ht, tsc, tscinvbit
CPU Model and flags from /proc/cpuinfo:
model name	: Intel(R) Pentium(R) CPU G4560 @ 3.50GHz
flags		: fpu vme de pse tsc msr pae mce cx8 apic sep mtrr pge mca cmov pat pse36 clflush dts acpi mmx fxsr sse sse2 ss ht tm pbe syscall nx pdpe1gb rdtscp lm constant_tsc art arch_perfmon pebs bts rep_good nopl xtopology nonstop_tsc cpuid aperfmperf pni pclmulqdq dtes64 monitor ds_cpl vmx est tm2 ssse3 sdbg cx16 xtpr pdcm pcid sse4_1 sse4_2 x2apic movbe popcnt tsc_deadline_timer aes xsave rdrand lahf_lm abm 3dnowprefetch cpuid_fault invpcid_single pti ssbd ibrs ibpb stibp tpr_shadow vnmi flexpriority ept vpid ept_ad fsgsbase tsc_adjust smep erms invpcid mpx rdseed smap clflushopt intel_pt xsaveopt xsavec xgetbv1 xsaves dtherm arat pln pts hwp hwp_notify hwp_act_window hwp_epp md_clear flush_l1d
Online cpus:
0-3
Offline cpus:

BIOS frequency limitation:
<Not Available>
Frequency switch latency (ns):
0
Available cpu frequencies:
<Not Available>
Current governor:
powersave
Core performance/turbo boost:
<Not Available>

Memory: 4k page, physical 8056772k(1452932k free), swap 2097148k(1650940k free)

vm_info: OpenJDK 64-Bit Server VM (11.0.11+9-Ubuntu-0ubuntu2.20.04) for linux-amd64 JRE (11.0.11+9-Ubuntu-0ubuntu2.20.04), built on Apr 21 2021 09:15:32 by "unknown" with gcc 9.3.0

END.
